<testng-results>
  <reporter-output>
    <line>
      <![CDATA[<p>The Teacher created is:Teacher_20140929032756</p>]]>
    </line>
    <line>
      <![CDATA[<p>The Teacher created is:Teacher_20140929032920</p>]]>
    </line>
    <line>
      <![CDATA[Test cases: NEWNGMEL_763_1, NEWNGMEL_163_1, NEWNGMEL_187_3]]>
    </line>
    <line>
      <![CDATA[The student created is:Student_20140929033229]]>
    </line>
  </reporter-output>
  <suite name="NMEL-3 Regression Suite">
    <groups>
      <group name="register">
        <method signature="com.pearson.piltg.ngmelII.RegressionNMELIII.RumbaRegistration.registerCandidateStudent()" name="registerCandidateStudent" class="com.pearson.piltg.ngmelII.RegressionNMELIII.RumbaRegistration"/>
      </group>
      <group name="rumba">
        <method signature="com.pearson.piltg.ngmelII.RegressionNMELIII.RumbaRegistration.registerInstructor()" name="registerInstructor" class="com.pearson.piltg.ngmelII.RegressionNMELIII.RumbaRegistration"/>
      </group>
    </groups>
    <test name="Rumba Regression Test">
      <class name="com.pearson.piltg.ngmelII.RegressionNMELIII.RumbaRegistration">
        <test-method status="PASS" signature="setUp()" name="setUp" is-config="true" duration-ms="7504" started-at="2014-09-29T15:27:36Z" finished-at="2014-09-29T15:27:44Z">
        </test-method>
        <test-method status="FAIL" signature="registerCandidateStudent()" name="registerCandidateStudent" duration-ms="83838" started-at="2014-09-29T15:32:17Z" description="NEWNGMEL_763_1, NEWNGMEL_163_1, NEWNGMEL_187_3" depends-on-methods="com.pearson.piltg.ngmelII.RegressionNMELIII.RumbaRegistration.registerInstructor" finished-at="2014-09-29T15:33:41Z">
          <exception class="org.openqa.selenium.WebDriverException">
            <message>
              <![CDATA[unknown error: Element is not clickable at point (1083, 22). Other element would receive the click: <li class="flash-notice expiredCourses">...</li>
  (Session info: chrome=37.0.2062.124)
  (Driver info: chromedriver=2.8.241075,platform=Windows NT 6.3 x86_64) (WARNING: The server did not provide any stacktrace information)
Command duration or timeout: 27 milliseconds
Build info: version: '2.39.0', revision: '14fa800511cc5d66d426e08b0b2ab926c7ed7398', time: '2013-12-16 13:18:38'
System info: host: 'BRICAWL-9JDVVY1', ip: '10.105.226.68', os.name: 'Windows 8', os.arch: 'amd64', os.version: '6.2', java.version: '1.7.0_51'
Session ID: b39069f24c57679dbad2fc99d4cbbc7e
Driver info: org.openqa.selenium.chrome.ChromeDriver
Capabilities [{platform=WIN8, acceptSslCerts=true, javascriptEnabled=true, browserName=chrome, chrome={userDataDir=C:\Users\ubasaja\AppData\Local\Temp\scoped_dir11224_24118}, rotatable=false, locationContextEnabled=true, version=37.0.2062.124, takesHeapSnapshot=true, cssSelectorsEnabled=true, databaseEnabled=false, handlesAlerts=true, browserConnectionEnabled=false, nativeEvents=true, webStorageEnabled=true, applicationCacheEnabled=false, takesScreenshot=true}]]]>
            </message>
            <full-stacktrace>
              <![CDATA[org.openqa.selenium.WebDriverException: unknown error: Element is not clickable at point (1083, 22). Other element would receive the click: &lt;li class="flash-notice expiredCourses"&gt;...&lt;/li&gt;
  (Session info: chrome=37.0.2062.124)
  (Driver info: chromedriver=2.8.241075,platform=Windows NT 6.3 x86_64) (WARNING: The server did not provide any stacktrace information)
Command duration or timeout: 27 milliseconds
Build info: version: '2.39.0', revision: '14fa800511cc5d66d426e08b0b2ab926c7ed7398', time: '2013-12-16 13:18:38'
System info: host: 'BRICAWL-9JDVVY1', ip: '10.105.226.68', os.name: 'Windows 8', os.arch: 'amd64', os.version: '6.2', java.version: '1.7.0_51'
Session ID: b39069f24c57679dbad2fc99d4cbbc7e
Driver info: org.openqa.selenium.chrome.ChromeDriver
Capabilities [{platform=WIN8, acceptSslCerts=true, javascriptEnabled=true, browserName=chrome, chrome={userDataDir=C:\Users\ubasaja\AppData\Local\Temp\scoped_dir11224_24118}, rotatable=false, locationContextEnabled=true, version=37.0.2062.124, takesHeapSnapshot=true, cssSelectorsEnabled=true, databaseEnabled=false, handlesAlerts=true, browserConnectionEnabled=false, nativeEvents=true, webStorageEnabled=true, applicationCacheEnabled=false, takesScreenshot=true}]
	at sun.reflect.NativeConstructorAccessorImpl.newInstance0(Native Method)
	at sun.reflect.NativeConstructorAccessorImpl.newInstance(NativeConstructorAccessorImpl.java:57)
	at sun.reflect.DelegatingConstructorAccessorImpl.newInstance(DelegatingConstructorAccessorImpl.java:45)
	at java.lang.reflect.Constructor.newInstance(Constructor.java:526)
	at org.openqa.selenium.remote.ErrorHandler.createThrowable(ErrorHandler.java:193)
	at org.openqa.selenium.remote.ErrorHandler.throwIfResponseFailed(ErrorHandler.java:145)
	at org.openqa.selenium.remote.RemoteWebDriver.execute(RemoteWebDriver.java:554)
	at org.openqa.selenium.remote.RemoteWebElement.execute(RemoteWebElement.java:268)
	at org.openqa.selenium.remote.RemoteWebElement.click(RemoteWebElement.java:79)
	at com.pearson.piltg.ngmelII.util.UtilityCommon.clickAndWait(UtilityCommon.java:431)
	at com.pearson.piltg.ngmelII.common.Common.logoutFromTheApplication(Common.java:199)
	at com.pearson.piltg.ngmelII.RegressionNMELIII.RumbaRegistration.registerCandidateStudent(RumbaRegistration.java:207)
	at sun.reflect.NativeMethodAccessorImpl.invoke0(Native Method)
	at sun.reflect.NativeMethodAccessorImpl.invoke(NativeMethodAccessorImpl.java:57)
	at sun.reflect.DelegatingMethodAccessorImpl.invoke(DelegatingMethodAccessorImpl.java:43)
	at java.lang.reflect.Method.invoke(Method.java:606)
	at org.testng.internal.MethodHelper.invokeMethod(MethodHelper.java:580)
	at org.testng.internal.Invoker.invokeMethod(Invoker.java:478)
	at org.testng.internal.Invoker.invokeTestMethod(Invoker.java:607)
	at org.testng.internal.Invoker.invokeTestMethods(Invoker.java:874)
	at org.testng.internal.TestMethodWorker.invokeTestMethods(TestMethodWorker.java:125)
	at org.testng.internal.TestMethodWorker.run(TestMethodWorker.java:109)
	at org.testng.TestRunner.runWorkers(TestRunner.java:689)
	at org.testng.TestRunner.privateRun(TestRunner.java:566)
	at org.testng.TestRunner.run(TestRunner.java:466)
	at org.testng.SuiteRunner.runTest(SuiteRunner.java:301)
	at org.testng.SuiteRunner.runSequentially(SuiteRunner.java:296)
	at org.testng.SuiteRunner.privateRun(SuiteRunner.java:276)
	at org.testng.SuiteRunner.run(SuiteRunner.java:191)
	at org.testng.TestNG.createAndRunSuiteRunners(TestNG.java:808)
	at org.testng.TestNG.runSuitesLocally(TestNG.java:776)
	at org.testng.TestNG.run(TestNG.java:701)
	at org.apache.maven.surefire.testng.TestNGExecutor.run(TestNGExecutor.java:74)
	at org.apache.maven.surefire.testng.TestNGXmlTestSuite.execute(TestNGXmlTestSuite.java:92)
	at org.apache.maven.surefire.Surefire.run(Surefire.java:180)
	at sun.reflect.NativeMethodAccessorImpl.invoke0(Native Method)
	at sun.reflect.NativeMethodAccessorImpl.invoke(NativeMethodAccessorImpl.java:57)
	at sun.reflect.DelegatingMethodAccessorImpl.invoke(DelegatingMethodAccessorImpl.java:43)
	at java.lang.reflect.Method.invoke(Method.java:606)
	at org.apache.maven.surefire.booter.SurefireBooter.runSuitesInProcess(SurefireBooter.java:350)
	at org.apache.maven.surefire.booter.SurefireBooter.main(SurefireBooter.java:1021)
]]>
            </full-stacktrace>
          </exception>
        </test-method>
        <test-method status="PASS" signature="registerInstructor()" name="registerInstructor" duration-ms="264309" started-at="2014-09-29T15:27:44Z" description="NEWNGMEL_1063_1, NEWNGMEL-1369_3" finished-at="2014-09-29T15:32:08Z">
        </test-method>
        <test-method status="PASS" signature="setUp()" name="setUp" is-config="true" duration-ms="6824" started-at="2014-09-29T15:32:11Z" finished-at="2014-09-29T15:32:17Z">
        </test-method>
        <test-method status="SKIP" signature="settingsPersonalProfile()" name="settingsPersonalProfile" duration-ms="2" started-at="2014-09-29T15:33:44Z" description="Settings module test case: NEWNGMEL-2744_3." depends-on-methods="com.pearson.piltg.ngmelII.RegressionNMELIII.RumbaRegistration.registerCandidateStudent" finished-at="2014-09-29T15:33:44Z">
        </test-method>
        <test-method status="PASS" signature="tearDown()" name="tearDown" is-config="true" duration-ms="2470" started-at="2014-09-29T15:32:08Z" finished-at="2014-09-29T15:32:11Z">
        </test-method>
        <test-method status="PASS" signature="tearDown()" name="tearDown" is-config="true" duration-ms="2435" started-at="2014-09-29T15:33:41Z" finished-at="2014-09-29T15:33:44Z">
        </test-method>
        <test-method status="SKIP" signature="registerCandidateStudentSelfStudy()" name="registerCandidateStudentSelfStudy" duration-ms="2" started-at="2014-09-29T15:33:44Z" depends-on-methods="com.pearson.piltg.ngmelII.RegressionNMELIII.RumbaRegistration.settingsPersonalProfile" finished-at="2014-09-29T15:33:44Z">
        </test-method>
      </class>
    </test>
  </suite>
</testng-results>
