<testng-results>
  <reporter-output>
    <line>
      <![CDATA[<br>Test method: NEWNGMEL-2528_3, NEWNGMEL-2528_8, NEWNGMEL-2528_4, NEWNGMEL-2528_5.</br>]]>
    </line>
    <line>
      <![CDATA[Current Tab selected isCOURSE]]>
    </line>
    <line>
      <![CDATA[Selected a Course Options]]>
    </line>
    <line>
      <![CDATA[Tree Structure till unitPast Lives]]>
    </line>
    <line>
      <![CDATA[Toc Tree structure at sub-unitVocabulary - History]]>
    </line>
    <line>
      <![CDATA[Exercise 2*is Assign again]]>
    </line>
    <line>
      <![CDATA[Selected All Students]]>
    </line>
    <line>
      <![CDATA[Selected a Date]]>
    </line>
    <line>
      <![CDATA[Clicked Assign button]]>
    </line>
    <line>
      <![CDATA[X
The assignment has been successfully allocated to your student.]]>
    </line>
    <line>
      <![CDATA[Teacher_1 logged out]]>
    </line>
    <line>
      <![CDATA[<br> <font color=green>The expected selected tab is To Do List and the actual selected tab is HOME</font>]]>
    </line>
    <line>
      <![CDATA[The expected selected tab is [Calendar] and the actual selected tab is [Calendar]]]>
    </line>
    <line>
      <![CDATA[Current Month is selected.]]>
    </line>
    <line>
      <![CDATA[Current week is selected by default.]]>
    </line>
    <line>
      <![CDATA[<br>Current Month and week is selected.</br>]]>
    </line>
    <line>
      <![CDATA[The drop down is successfully set toDay]]>
    </line>
    <line>
      <![CDATA[<br><b>Event was created with past date.</b></br>]]>
    </line>
    <line>
      <![CDATA[<br><b><font color='green'>Test Case NEWNGMEL - 150_7 Pass</b><br>]]>
    </line>
    <line>
      <![CDATA[<br><b>Event was created with past date.</b></br>]]>
    </line>
    <line>
      <![CDATA[<br><b><font color='green'>Test Case NEWNGMEL - 150_8 Pass</b><br>]]>
    </line>
    <line>
      <![CDATA[<br><b>Student is not able to create a course event.</b></br>]]>
    </line>
    <line>
      <![CDATA[<br><b><font color='red'> Test Case NEWNGMEL - 150_12 Fail</b><br>]]>
    </line>
    <line>
      <![CDATA[<br><b>A course event was not created.</b></br>]]>
    </line>
    <line>
      <![CDATA[General event not created by Student.]]>
    </line>
    <line>
      <![CDATA[<br><b>Test method: NEWNGMEL - 150_3, NEWNGMEL - 150_4, NEWNGMEL-978_1, NEWNGMEL-978_5, NEWNGMEL-682_3, NEWNGMEL-978_3, NEWNGMEL-978_7, NEWNGMEL-978_11, NEWNGMEL-978_15, NEWNGMEL-978_13, NEWNGMEL-978_17.</b></br>]]>
    </line>
    <line>
      <![CDATA[Current Tab selected isHome]]>
    </line>
    <line>
      <![CDATA[Current Month is selected.]]>
    </line>
    <line>
      <![CDATA[Current week is selected by default.]]>
    </line>
    <line>
      <![CDATA[<br>Current Week and month is selected.</br>]]>
    </line>
    <line>
      <![CDATA[<br><b>A course event was created using date picker.</b></br>]]>
    </line>
    <line>
      <![CDATA[<br><b><font color='green'>Test Case NEWNGMEL - 150_3 Pass</b><br>]]>
    </line>
    <line>
      <![CDATA[<br><b>A course event was created by manual date entry. Test case NEWNGMEL - 150_4 passed.</b></br>]]>
    </line>
    <line>
      <![CDATA[<br>Course events checkbox is checked.</br>]]>
    </line>
    <line>
      <![CDATA[<br>Week view is selected by default.</br>]]>
    </line>
    <line>
      <![CDATA[<br>Initially week view is displayed.</br>]]>
    </line>
    <line>
      <![CDATA[The event type is not displayed.]]>
    </line>
    <line>
      <![CDATA[The event type is not displayed.]]>
    </line>
    <line>
      <![CDATA[The event type is not displayed.]]>
    </line>
    <line>
      <![CDATA[The event type is not displayed.]]>
    </line>
    <line>
      <![CDATA[The event type is not displayed.]]>
    </line>
    <line>
      <![CDATA[The event type is not displayed.]]>
    </line>
    <line>
      <![CDATA[The event type is not displayed.]]>
    </line>
    <line>
      <![CDATA[The event type is not displayed.]]>
    </line>
    <line>
      <![CDATA[<br>Course events are not displayed when Course events checkbox is unchecked.</br>]]>
    </line>
    <line>
      <![CDATA[<br><b><font color='green'>Test Case NEWNGMEL-978_5 Pass</b><br>]]>
    </line>
    <line>
      <![CDATA[The drop down is successfully set toDay]]>
    </line>
    <line>
      <![CDATA[<br><b>Day view is displayed.</b></br>]]>
    </line>
    <line>
      <![CDATA[<br><b><font color='green'>Test Case NEWNGMEL-682_3 Pass</b><br>]]>
    </line>
    <line>
      <![CDATA[The event is created and displayed on calendar page]]>
    </line>
    <line>
      <![CDATA[<br><b>Event is displayed in day view.</b></br>]]>
    </line>
    <line>
      <![CDATA[<br><b><font color='green'>Test Case NEWNGMEL-978_3 Pass</b><br>]]>
    </line>
    <line>
      <![CDATA[<br>Course events are not displayed when Course events checkbox is unchecked.</br>]]>
    </line>
    <line>
      <![CDATA[<br><b><font color='green'>Test Case NEWNGMEL-978_7 Pass</b><br>]]>
    </line>
    <line>
      <![CDATA[The expected selected tab is [To do list] and the actual selected tab is [Calendar]]]>
    </line>
    <line>
      <![CDATA[Current Month is selected.]]>
    </line>
    <line>
      <![CDATA[Current week is selected by default.]]>
    </line>
    <line>
      <![CDATA[<br>Current Week and month is selected.</br>]]>
    </line>
    <line>
      <![CDATA[<br>Course events checkbox is checked.</br>]]>
    </line>
    <line>
      <![CDATA[<br>Week view is selected by default.</br>]]>
    </line>
    <line>
      <![CDATA[<br>Initially week view is displayed.</br>]]>
    </line>
    <line>
      <![CDATA[The event type is not displayed.]]>
    </line>
    <line>
      <![CDATA[The event type is not displayed.]]>
    </line>
    <line>
      <![CDATA[The event type is not displayed.]]>
    </line>
    <line>
      <![CDATA[The event type is not displayed.]]>
    </line>
    <line>
      <![CDATA[The event type is not displayed.]]>
    </line>
    <line>
      <![CDATA[The event type is not displayed.]]>
    </line>
    <line>
      <![CDATA[The event type is not displayed.]]>
    </line>
    <line>
      <![CDATA[The event type is not displayed.]]>
    </line>
    <line>
      <![CDATA[<br>Course events are not displayed when Course events checkbox is unchecked.</br>]]>
    </line>
    <line>
      <![CDATA[<br><b><font color='green'>Test Case NEWNGMEL-978_15 Pass</b><br>]]>
    </line>
    <line>
      <![CDATA[The drop down is successfully set toDay]]>
    </line>
    <line>
      <![CDATA[<br>Day view is displayed.</br>]]>
    </line>
    <line>
      <![CDATA[The event is created and displayed on calendar page]]>
    </line>
    <line>
      <![CDATA[<br><b>Event is displayed in day view.</b></br>]]>
    </line>
    <line>
      <![CDATA[<br><b><font color='green'>Test Case NEWNGMEL-978_13 Pass</b><br>]]>
    </line>
    <line>
      <![CDATA[<br>Course events are not displayed when Course events checkbox is unchecked.</br>]]>
    </line>
    <line>
      <![CDATA[<br><b><font color='green'>Test Case NEWNGMEL-978_17 Pass</b><br>]]>
    </line>
    <line>
      <![CDATA[<br>Test method: NEWNGMEL - 150_1, NEWNGMEL - 150_2, NEWNGMEL-978_2, NEWNGMEL-978_4, NEWNGMEL-682_3, NEWNGMEL-978_4, NEWNGMEL-978_8, NEWNGMEL-978_12, NEWNGMEL-978_16, NEWNGMEL-978_14, NEWNGMEL-978_18.</br>]]>
    </line>
    <line>
      <![CDATA[The expected selected tab is [Calendar] and the actual selected tab is [Calendar]]]>
    </line>
    <line>
      <![CDATA[Current Month is selected.]]>
    </line>
    <line>
      <![CDATA[Current week is selected by default.]]>
    </line>
    <line>
      <![CDATA[<br>Current Week and month is selected.</br>]]>
    </line>
    <line>
      <![CDATA[<br><b>A general event was created using date picker.</b></br>]]>
    </line>
    <line>
      <![CDATA[<br><b><font color='green'>Test Case NEWNGMEL - 150_1 Pass</b><br>]]>
    </line>
    <line>
      <![CDATA[<br><b>A general event was created by manual input. Test case NEWNGMEL - 150_2 passed.</b></br>]]>
    </line>
    <line>
      <![CDATA[<br>General events checkbox is checked.</br>]]>
    </line>
    <line>
      <![CDATA[<br>Week view is selected by default.</br>]]>
    </line>
    <line>
      <![CDATA[<br>Initially week view is displayed.</br>]]>
    </line>
    <line>
      <![CDATA[The event type is not displayed.]]>
    </line>
    <line>
      <![CDATA[The event type is not displayed.]]>
    </line>
    <line>
      <![CDATA[The event type is not displayed.]]>
    </line>
    <line>
      <![CDATA[The event type is not displayed.]]>
    </line>
    <line>
      <![CDATA[The event type is not displayed.]]>
    </line>
    <line>
      <![CDATA[The event type is not displayed.]]>
    </line>
    <line>
      <![CDATA[The event type is not displayed.]]>
    </line>
    <line>
      <![CDATA[The event type is not displayed.]]>
    </line>
    <line>
      <![CDATA[<br>General events are not displayed when general events checkbox is unchecked.</br>]]>
    </line>
    <line>
      <![CDATA[<br><b><font color='green'>Test Case  NEWNGMEL-978_6 Pass</b><br>]]>
    </line>
    <line>
      <![CDATA[The drop down is successfully set toDay]]>
    </line>
    <line>
      <![CDATA[<br><b>Day view is displayed.</b></br>]]>
    </line>
    <line>
      <![CDATA[<br><b><font color='green'>Test Case NEWNGMEL-682_3 Pass</b><br>]]>
    </line>
    <line>
      <![CDATA[The event is not created and not displayed on calendar page]]>
    </line>
    <line>
      <![CDATA[<br><b>General event is not displayed in day view.</b></br>]]>
    </line>
    <line>
      <![CDATA[<br><b><font color='red'> Test Case NEWNGMEL-978_4 Fail</b><br>]]>
    </line>
    <line>
      <![CDATA[<br><b><font color='red'> Test Case NEWNGMEL-978_8 Fail</b><br>]]>
    </line>
    <line>
      <![CDATA[The expected selected tab is [To do list] and the actual selected tab is [Calendar]]]>
    </line>
    <line>
      <![CDATA[Current Month is selected.]]>
    </line>
    <line>
      <![CDATA[Current week is selected by default.]]>
    </line>
    <line>
      <![CDATA[<br>Current Week and month is selected.</br>]]>
    </line>
    <line>
      <![CDATA[<br>General events checkbox is checked.</br>]]>
    </line>
    <line>
      <![CDATA[<br>Week view is selected by default.</br>]]>
    </line>
    <line>
      <![CDATA[<br>Initially week view is displayed.</br>]]>
    </line>
    <line>
      <![CDATA[The event type is not displayed.]]>
    </line>
    <line>
      <![CDATA[The event type is not displayed.]]>
    </line>
    <line>
      <![CDATA[The event type is not displayed.]]>
    </line>
    <line>
      <![CDATA[The event type is not displayed.]]>
    </line>
    <line>
      <![CDATA[The event type is not displayed.]]>
    </line>
    <line>
      <![CDATA[The event type is not displayed.]]>
    </line>
    <line>
      <![CDATA[The event type is not displayed.]]>
    </line>
    <line>
      <![CDATA[The event type is not displayed.]]>
    </line>
    <line>
      <![CDATA[<br>General events are not displayed when General events checkbox is unchecked.</br>]]>
    </line>
    <line>
      <![CDATA[<br><b><font color='green'>Test Case NEWNGMEL-978_16 Pass</b><br>]]>
    </line>
    <line>
      <![CDATA[The drop down is successfully set toDay]]>
    </line>
    <line>
      <![CDATA[<br>Day view is displayed.</br>]]>
    </line>
    <line>
      <![CDATA[The event is not created and not displayed on calendar page]]>
    </line>
    <line>
      <![CDATA[<br><b>Event is not displayed in day view.</b></br>]]>
    </line>
    <line>
      <![CDATA[<br><b><font color='red'> Test Case NEWNGMEL-978_14 Fail</b><br>]]>
    </line>
    <line>
      <![CDATA[<br><b><font color='red'> Test Case NEWNGMEL-978_18 Fail</b><br>]]>
    </line>
  </reporter-output>
  <suite name="NMEL-3 Regression Suite">
    <groups>
      <group name="regression">
        <method signature="com.pearson.piltg.ngmelII.RegressionNMELIII.Homepage_Calender.calendarAssignment()" name="calendarAssignment" class="com.pearson.piltg.ngmelII.RegressionNMELIII.Homepage_Calender"/>
        <method signature="com.pearson.piltg.ngmelII.RegressionNMELIII.Homepage_Calender.calendarAddEventsOnPastDates()" name="calendarAddEventsOnPastDates" class="com.pearson.piltg.ngmelII.RegressionNMELIII.Homepage_Calender"/>
        <method signature="com.pearson.piltg.ngmelII.RegressionNMELIII.Homepage_Calender.addEventStudent()" name="addEventStudent" class="com.pearson.piltg.ngmelII.RegressionNMELIII.Homepage_Calender"/>
        <method signature="com.pearson.piltg.ngmelII.RegressionNMELIII.Homepage_Calender.calendarCourseVerify()" name="calendarCourseVerify" class="com.pearson.piltg.ngmelII.RegressionNMELIII.Homepage_Calender"/>
        <method signature="com.pearson.piltg.ngmelII.RegressionNMELIII.Homepage_Calender.calendarGeneralEventVerify()" name="calendarGeneralEventVerify" class="com.pearson.piltg.ngmelII.RegressionNMELIII.Homepage_Calender"/>
      </group>
    </groups>
    <test name="Regression Tests 2">
      <class name="com.pearson.piltg.ngmelII.RegressionNMELIII.Homepage_Calender">
        <test-method status="PASS" signature="setUp()" name="setUp" is-config="true" duration-ms="8427" started-at="2014-10-12T17:29:07Z" finished-at="2014-10-12T17:29:16Z">
        </test-method>
        <test-method status="PASS" signature="calendarAddEventsOnPastDates()" name="calendarAddEventsOnPastDates" duration-ms="126108" started-at="2014-10-12T17:32:56Z" description="NEWNGMEL - 150_7, NEWNGMEL - 150_8." finished-at="2014-10-12T17:35:02Z">
        </test-method>
        <test-method status="PASS" signature="addEventStudent()" name="addEventStudent" duration-ms="205505" started-at="2014-10-12T17:35:02Z" description="NEWNGMEL - 150_12, NEWNGMEL - 150_11." finished-at="2014-10-12T17:38:27Z">
        </test-method>
        <test-method status="PASS" signature="calendarGeneralEventVerify()" name="calendarGeneralEventVerify" duration-ms="213234" started-at="2014-10-12T17:43:00Z" description="NEWNGMEL - 150_1, NEWNGMEL - 150_2, NEWNGMEL-978_2, NEWNGMEL-978_4, NEWNGMEL-682_3, NEWNGMEL-978_6, NEWNGMEL-978_8, NEWNGMEL-978_12, NEWNGMEL-978_16, NEWNGMEL-978_14, NEWNGMEL-978_18" finished-at="2014-10-12T17:46:33Z">
        </test-method>
        <test-method status="PASS" signature="calendarCourseVerify()" name="calendarCourseVerify" duration-ms="272599" started-at="2014-10-12T17:38:27Z" description="NEWNGMEL - 150_3, NEWNGMEL - 150_4, NEWNGMEL-978_1, NEWNGMEL-978_5, NEWNGMEL-682_3, NEWNGMEL-978_3, NEWNGMEL-978_7, NEWNGMEL-978_11, NEWNGMEL-978_15, NEWNGMEL-978_13, NEWNGMEL-978_17" finished-at="2014-10-12T17:43:00Z">
        </test-method>
        <test-method status="PASS" signature="tearDown()" name="tearDown" is-config="true" duration-ms="1337" started-at="2014-10-12T17:46:33Z" finished-at="2014-10-12T17:46:35Z">
        </test-method>
        <test-method status="PASS" signature="calendarAssignment()" name="calendarAssignment" duration-ms="220048" started-at="2014-10-12T17:29:16Z" description="NEWNGMEL-2528_3,NEWNGMEL-2528_8, NEWNGMEL-2528_4, NEWNGMEL-2528_5." finished-at="2014-10-12T17:32:56Z">
        </test-method>
      </class>
    </test>
  </suite>
</testng-results>
