<testng-results>
  <reporter-output>
    <line>
      <![CDATA[<br>Test cases: NEWNGMEL-1682_5,NEWNGMEL-1682_6.</br>]]>
    </line>
    <line>
      <![CDATA[Current Tab selected isSettings]]>
    </line>
    <line>
      <![CDATA[<br> Course Management tab is loaded correctly]]>
    </line>
    <line>
      <![CDATA[Current Tab selected isMessage]]>
    </line>
    <line>
      <![CDATA[<br><b>The contact list checkbox is disabled.</b></br>]]>
    </line>
    <line>
      <![CDATA[<br><b><font color='green'>Test Case NEWNGMEL-1682_5 Pass</b><br>]]>
    </line>
    <line>
      <![CDATA[<br><b>The teacher contact list checkbox is enabled.</b></br>]]>
    </line>
    <line>
      <![CDATA[<br><b><font color='green'>Test Case NEWNGMEL-1682_6 Pass</b><br>]]>
    </line>
    <line>
      <![CDATA[<br><b>Test method: NEWNGMEL-1682_1,NEWNGMEL-1682_2.</b></br>]]>
    </line>
    <line>
      <![CDATA[Current Tab selected isMessage]]>
    </line>
    <line>
      <![CDATA[Current Tab selected isMessage]]>
    </line>
    <line>
      <![CDATA[Recipients are added from contact list]]>
    </line>
    <line>
      <![CDATA[Recipients are displayed in Recipients field.]]>
    </line>
    <line>
      <![CDATA[Current Tab selected isMessage]]>
    </line>
    <line>
      <![CDATA[Recipients are added from contact list]]>
    </line>
    <line>
      <![CDATA[Current Tab selected isMessage]]>
    </line>
    <line>
      <![CDATA[<br>Teacher messageFw: Subject Test.248is displayed in student inbox.</br>]]>
    </line>
    <line>
      <![CDATA[<br><b><font color='green'>Test Case NEWNGMEL-1682_1 Pass</b><br>]]>
    </line>
    <line>
      <![CDATA[Recipients are added from contact list]]>
    </line>
    <line>
      <![CDATA[Current Tab selected isMessage]]>
    </line>
    <line>
      <![CDATA[<br>Student messageFw: Subject Test.248is displayed in teacher inbox.</br>]]>
    </line>
    <line>
      <![CDATA[<br><b><font color='green'>Test Case NEWNGMEL-1682_2 Pass</b><br>]]>
    </line>
    <line>
      <![CDATA[<br>Test method: NEWNGMEL-2528_3, NEWNGMEL-2528_8, NEWNGMEL-2528_4, NEWNGMEL-2528_5.</br>]]>
    </line>
    <line>
      <![CDATA[Current Tab selected isCOURSE]]>
    </line>
    <line>
      <![CDATA[Selected a Course Options]]>
    </line>
    <line>
      <![CDATA[Tree Structure till unitPast Lives]]>
    </line>
    <line>
      <![CDATA[Toc Tree structure at sub-unitVocabulary - History]]>
    </line>
    <line>
      <![CDATA[Exercise 2*is Assign again]]>
    </line>
    <line>
      <![CDATA[Selected All Students]]>
    </line>
    <line>
      <![CDATA[Selected a Date]]>
    </line>
    <line>
      <![CDATA[Clicked Assign button]]>
    </line>
    <line>
      <![CDATA[X
The assignment has been successfully allocated to your student.]]>
    </line>
    <line>
      <![CDATA[Teacher_1 logged out]]>
    </line>
    <line>
      <![CDATA[<br> <font color=green>The expected selected tab is To Do List and the actual selected tab is HOME</font>]]>
    </line>
    <line>
      <![CDATA[The expected selected tab is [Calendar] and the actual selected tab is [Calendar]]]>
    </line>
    <line>
      <![CDATA[Current Month is selected.]]>
    </line>
    <line>
      <![CDATA[Current week is selected by default.]]>
    </line>
    <line>
      <![CDATA[<br>Current Month and week is selected.</br>]]>
    </line>
    <line>
      <![CDATA[The drop down is successfully set toDay]]>
    </line>
    <line>
      <![CDATA[<br><b>Event was created with past date.</b></br>]]>
    </line>
    <line>
      <![CDATA[<br><b><font color='green'>Test Case NEWNGMEL - 150_7 Pass</b><br>]]>
    </line>
    <line>
      <![CDATA[<br><b>Event was created with past date.</b></br>]]>
    </line>
    <line>
      <![CDATA[<br><b><font color='green'>Test Case NEWNGMEL - 150_8 Pass</b><br>]]>
    </line>
    <line>
      <![CDATA[<br><b>Student is not able to create a course event.</b></br>]]>
    </line>
    <line>
      <![CDATA[<br><b><font color='red'> Test Case NEWNGMEL - 150_12 Fail</b><br>]]>
    </line>
    <line>
      <![CDATA[<br><b>A course event was not created.</b></br>]]>
    </line>
    <line>
      <![CDATA[General event not created by Student.]]>
    </line>
    <line>
      <![CDATA[<br><b>Test method: NEWNGMEL - 150_3, NEWNGMEL - 150_4, NEWNGMEL-978_1, NEWNGMEL-978_5, NEWNGMEL-682_3, NEWNGMEL-978_3, NEWNGMEL-978_7, NEWNGMEL-978_11, NEWNGMEL-978_15, NEWNGMEL-978_13, NEWNGMEL-978_17.</b></br>]]>
    </line>
    <line>
      <![CDATA[Current Tab selected isHome]]>
    </line>
    <line>
      <![CDATA[Current Month is selected.]]>
    </line>
    <line>
      <![CDATA[Current week is selected by default.]]>
    </line>
    <line>
      <![CDATA[<br>Current Week and month is selected.</br>]]>
    </line>
    <line>
      <![CDATA[<br><b>A course event was created using date picker.</b></br>]]>
    </line>
    <line>
      <![CDATA[<br><b><font color='green'>Test Case NEWNGMEL - 150_3 Pass</b><br>]]>
    </line>
    <line>
      <![CDATA[<br><b>A course event was created by manual date entry. Test case NEWNGMEL - 150_4 passed.</b></br>]]>
    </line>
    <line>
      <![CDATA[<br>Course events checkbox is checked.</br>]]>
    </line>
    <line>
      <![CDATA[<br>Week view is selected by default.</br>]]>
    </line>
    <line>
      <![CDATA[<br>Initially week view is displayed.</br>]]>
    </line>
    <line>
      <![CDATA[<br><b><font color='green'>Test Case NEWNGMEL-978_1 Pass</b><br>]]>
    </line>
    <line>
      <![CDATA[The event type is not displayed.]]>
    </line>
    <line>
      <![CDATA[The event type is not displayed.]]>
    </line>
    <line>
      <![CDATA[The event type is not displayed.]]>
    </line>
    <line>
      <![CDATA[The event type is not displayed.]]>
    </line>
    <line>
      <![CDATA[The event type is not displayed.]]>
    </line>
    <line>
      <![CDATA[The event type is not displayed.]]>
    </line>
    <line>
      <![CDATA[<br>Course events are not displayed when Course events checkbox is unchecked.</br>]]>
    </line>
    <line>
      <![CDATA[<br><b><font color='green'>Test Case NEWNGMEL-978_5 Pass</b><br>]]>
    </line>
    <line>
      <![CDATA[The drop down is successfully set toDay]]>
    </line>
    <line>
      <![CDATA[<br><b>Day view is displayed.</b></br>]]>
    </line>
    <line>
      <![CDATA[<br><b><font color='green'>Test Case NEWNGMEL-682_3 Pass</b><br>]]>
    </line>
    <line>
      <![CDATA[The event is created and displayed on calendar page]]>
    </line>
    <line>
      <![CDATA[<br><b>Event is displayed in day view.</b></br>]]>
    </line>
    <line>
      <![CDATA[<br><b><font color='green'>Test Case NEWNGMEL-978_3 Pass</b><br>]]>
    </line>
    <line>
      <![CDATA[The event type is not displayed.]]>
    </line>
    <line>
      <![CDATA[The event type is not displayed.]]>
    </line>
    <line>
      <![CDATA[The event type is not displayed.]]>
    </line>
    <line>
      <![CDATA[The event type is not displayed.]]>
    </line>
    <line>
      <![CDATA[The event type is not displayed.]]>
    </line>
    <line>
      <![CDATA[The event type is not displayed.]]>
    </line>
    <line>
      <![CDATA[<br>Course events are not displayed when Course events checkbox is unchecked.</br>]]>
    </line>
    <line>
      <![CDATA[<br><b><font color='green'>Test Case NEWNGMEL-978_7 Pass</b><br>]]>
    </line>
    <line>
      <![CDATA[The expected selected tab is [To do list] and the actual selected tab is [Calendar]]]>
    </line>
    <line>
      <![CDATA[Current Month is selected.]]>
    </line>
    <line>
      <![CDATA[Current week is selected by default.]]>
    </line>
    <line>
      <![CDATA[<br>Current Week and month is selected.</br>]]>
    </line>
    <line>
      <![CDATA[<br>Course events checkbox is checked.</br>]]>
    </line>
    <line>
      <![CDATA[<br>Week view is selected by default.</br>]]>
    </line>
    <line>
      <![CDATA[<br>Initially week view is displayed.</br>]]>
    </line>
    <line>
      <![CDATA[<br><b><font color='green'>Test Case NEWNGMEL-978_11 Pass</b><br>]]>
    </line>
    <line>
      <![CDATA[The event type is not displayed.]]>
    </line>
    <line>
      <![CDATA[The event type is not displayed.]]>
    </line>
    <line>
      <![CDATA[The event type is not displayed.]]>
    </line>
    <line>
      <![CDATA[The event type is not displayed.]]>
    </line>
    <line>
      <![CDATA[The event type is not displayed.]]>
    </line>
    <line>
      <![CDATA[The event type is not displayed.]]>
    </line>
    <line>
      <![CDATA[<br>Course events are not displayed when Course events checkbox is unchecked.</br>]]>
    </line>
    <line>
      <![CDATA[<br><b><font color='green'>Test Case NEWNGMEL-978_15 Pass</b><br>]]>
    </line>
    <line>
      <![CDATA[The drop down is successfully set toDay]]>
    </line>
    <line>
      <![CDATA[<br>Day view is displayed.</br>]]>
    </line>
    <line>
      <![CDATA[The event is created and displayed on calendar page]]>
    </line>
    <line>
      <![CDATA[<br><b>Event is displayed in day view.</b></br>]]>
    </line>
    <line>
      <![CDATA[<br><b><font color='green'>Test Case NEWNGMEL-978_13 Pass</b><br>]]>
    </line>
    <line>
      <![CDATA[The event type is not displayed.]]>
    </line>
    <line>
      <![CDATA[The event type is not displayed.]]>
    </line>
    <line>
      <![CDATA[The event type is not displayed.]]>
    </line>
    <line>
      <![CDATA[The event type is not displayed.]]>
    </line>
    <line>
      <![CDATA[The event type is not displayed.]]>
    </line>
    <line>
      <![CDATA[The event type is not displayed.]]>
    </line>
    <line>
      <![CDATA[<br>Course events are not displayed when Course events checkbox is unchecked.</br>]]>
    </line>
    <line>
      <![CDATA[<br><b><font color='green'>Test Case NEWNGMEL-978_17 Pass</b><br>]]>
    </line>
    <line>
      <![CDATA[<br>Test method: NEWNGMEL - 150_1, NEWNGMEL - 150_2, NEWNGMEL-978_2, NEWNGMEL-978_4, NEWNGMEL-682_3, NEWNGMEL-978_4, NEWNGMEL-978_8, NEWNGMEL-978_12, NEWNGMEL-978_16, NEWNGMEL-978_14, NEWNGMEL-978_18.</br>]]>
    </line>
    <line>
      <![CDATA[The expected selected tab is [Calendar] and the actual selected tab is [Calendar]]]>
    </line>
    <line>
      <![CDATA[Current Month is selected.]]>
    </line>
    <line>
      <![CDATA[Current week is selected by default.]]>
    </line>
    <line>
      <![CDATA[<br>Current Week and month is selected.</br>]]>
    </line>
    <line>
      <![CDATA[<br><b>A general event was created using date picker.</b></br>]]>
    </line>
    <line>
      <![CDATA[<br><b><font color='green'>Test Case NEWNGMEL - 150_1 Pass</b><br>]]>
    </line>
    <line>
      <![CDATA[<br><b>A general event was created by manual input. Test case NEWNGMEL - 150_2 passed.</b></br>]]>
    </line>
    <line>
      <![CDATA[<br>General events checkbox is checked.</br>]]>
    </line>
    <line>
      <![CDATA[<br>Week view is selected by default.</br>]]>
    </line>
    <line>
      <![CDATA[<br>Initially week view is displayed.</br>]]>
    </line>
    <line>
      <![CDATA[<br><b><font color='green'>Test Case NEWNGMEL-978_2 Pass</b><br>]]>
    </line>
    <line>
      <![CDATA[The event type is not displayed.]]>
    </line>
    <line>
      <![CDATA[The event type is not displayed.]]>
    </line>
    <line>
      <![CDATA[The event type is not displayed.]]>
    </line>
    <line>
      <![CDATA[The event type is not displayed.]]>
    </line>
    <line>
      <![CDATA[The event type is not displayed.]]>
    </line>
    <line>
      <![CDATA[The event type is not displayed.]]>
    </line>
    <line>
      <![CDATA[<br>General events are not displayed when general events checkbox is unchecked.</br>]]>
    </line>
    <line>
      <![CDATA[<br><b><font color='green'>Test Case  NEWNGMEL-978_6 Pass</b><br>]]>
    </line>
    <line>
      <![CDATA[The drop down is successfully set toDay]]>
    </line>
    <line>
      <![CDATA[<br><b>Day view is displayed.</b></br>]]>
    </line>
    <line>
      <![CDATA[<br><b><font color='green'>Test Case NEWNGMEL-682_3 Pass</b><br>]]>
    </line>
    <line>
      <![CDATA[The event is created and displayed on calendar page]]>
    </line>
    <line>
      <![CDATA[<br><b>Event is displayed in day view.</b></br>]]>
    </line>
    <line>
      <![CDATA[<br><b><font color='green'>Test Case NEWNGMEL-978_4 Pass</b><br>]]>
    </line>
    <line>
      <![CDATA[The event type is not displayed.]]>
    </line>
    <line>
      <![CDATA[The event type is not displayed.]]>
    </line>
    <line>
      <![CDATA[The event type is not displayed.]]>
    </line>
    <line>
      <![CDATA[The event type is not displayed.]]>
    </line>
    <line>
      <![CDATA[The event type is not displayed.]]>
    </line>
    <line>
      <![CDATA[The event type is not displayed.]]>
    </line>
    <line>
      <![CDATA[The event type is not displayed.]]>
    </line>
    <line>
      <![CDATA[The event type is not displayed.]]>
    </line>
    <line>
      <![CDATA[<br>General events are not displayed when general events checkbox is unchecked in day view tab.</br>]]>
    </line>
    <line>
      <![CDATA[<br><b><font color='green'>Test Case NEWNGMEL-978_8 Pass</b><br>]]>
    </line>
    <line>
      <![CDATA[The expected selected tab is [To do list] and the actual selected tab is [Calendar]]]>
    </line>
    <line>
      <![CDATA[Current Month is selected.]]>
    </line>
    <line>
      <![CDATA[Current week is selected by default.]]>
    </line>
    <line>
      <![CDATA[<br>Current Week and month is selected.</br>]]>
    </line>
    <line>
      <![CDATA[<br>General events checkbox is checked.</br>]]>
    </line>
    <line>
      <![CDATA[<br>Week view is selected by default.</br>]]>
    </line>
    <line>
      <![CDATA[<br>Initially week view is displayed.</br>]]>
    </line>
    <line>
      <![CDATA[<br><b>General event is displayed in week view.</b></br>]]>
    </line>
    <line>
      <![CDATA[<br><b><font color='green'>Test Case NEWNGMEL-978_12 Pass</b><br>]]>
    </line>
    <line>
      <![CDATA[The event type is not displayed.]]>
    </line>
    <line>
      <![CDATA[The event type is not displayed.]]>
    </line>
    <line>
      <![CDATA[The event type is not displayed.]]>
    </line>
    <line>
      <![CDATA[The event type is not displayed.]]>
    </line>
    <line>
      <![CDATA[The event type is not displayed.]]>
    </line>
    <line>
      <![CDATA[The event type is not displayed.]]>
    </line>
    <line>
      <![CDATA[<br>General events are not displayed when General events checkbox is unchecked.</br>]]>
    </line>
    <line>
      <![CDATA[<br><b><font color='green'>Test Case NEWNGMEL-978_16 Pass</b><br>]]>
    </line>
    <line>
      <![CDATA[The drop down is successfully set toDay]]>
    </line>
    <line>
      <![CDATA[<br>Day view is displayed.</br>]]>
    </line>
    <line>
      <![CDATA[The event is created and displayed on calendar page]]>
    </line>
    <line>
      <![CDATA[<br><b>Event is displayed in day view.</b></br>]]>
    </line>
    <line>
      <![CDATA[<br><b><font color='green'>Test Case NEWNGMEL-978_14 Pass</b><br>]]>
    </line>
    <line>
      <![CDATA[The event type is not displayed.]]>
    </line>
    <line>
      <![CDATA[The event type is not displayed.]]>
    </line>
    <line>
      <![CDATA[The event type is not displayed.]]>
    </line>
    <line>
      <![CDATA[The event type is not displayed.]]>
    </line>
    <line>
      <![CDATA[The event type is not displayed.]]>
    </line>
    <line>
      <![CDATA[The event type is not displayed.]]>
    </line>
    <line>
      <![CDATA[The event type is not displayed.]]>
    </line>
    <line>
      <![CDATA[The event type is not displayed.]]>
    </line>
    <line>
      <![CDATA[<br>Genreal events are not displayed when general events checkbox is unchecked.</br>]]>
    </line>
    <line>
      <![CDATA[<br><b><font color='green'>Test Case NEWNGMEL-978_18 Pass</b><br>]]>
    </line>
    <line>
      <![CDATA[<br><b>Test method: NEWNGMEL-189_42, NEWNGMEL-189_44, NEWNGMEL-189_45, NEWNGMEL-189_46, NEWNGMEL-189_47, NEWNGMEL-189_48.</b></br>]]>
    </line>
    <line>
      <![CDATA[Current Tab selected isMessage]]>
    </line>
    <line>
      <![CDATA[Recipients are added from contact list]]>
    </line>
    <line>
      <![CDATA[Recipients are displayed in Recipients field.]]>
    </line>
    <line>
      <![CDATA[Current Tab selected isMessage]]>
    </line>
    <line>
      <![CDATA[<br>Inbox is selected by default	.</br>]]>
    </line>
    <line>
      <![CDATA[<br>Teacher messageSubject Test.529 is displayed in student inbox.</br>]]>
    </line>
    <line>
      <![CDATA[<br><b><font color='green'>Test Case NEWNGMEL-189_42 Pass</b><br>]]>
    </line>
    <line>
      <![CDATA[<br><b><font color='green'>Test Case NEWNGMEL-189_44 Pass</b><br>]]>
    </line>
    <line>
      <![CDATA[<br><b>Student is able to see all the  From (sender name), To (recipient list), Subject (message subject) and the message Content.</b></br>]]>
    </line>
    <line>
      <![CDATA[<br><b><font color='green'>Test Case NEWNGMEL-189_45 Pass</b><br>]]>
    </line>
    <line>
      <![CDATA[<br>Correct data is displayed in the message.</br>]]>
    </line>
    <line>
      <![CDATA[<br>Student is navigated to New Message tab in reply mode.</br>]]>
    </line>
    <line>
      <![CDATA[<br><b>The recipients and the subject are already filled with appropriate values.</b></br>]]>
    </line>
    <line>
      <![CDATA[<br><b><font color='green'>Test Case NEWNGMEL-189_46 Pass</b><br>]]>
    </line>
    <line>
      <![CDATA[<br>Teacher is navigated to New Message tab in forward mode.</br>]]>
    </line>
    <line>
      <![CDATA[<br><b>The recipients field is empty and the subject are already filled.</b></br>]]>
    </line>
    <line>
      <![CDATA[<br><b><font color='green'>Test Case NEWNGMEL-189_47 Pass</b><br>]]>
    </line>
    <line>
      <![CDATA[<br><b>Dialog box for delete confirmation is displayed.</b></br>]]>
    </line>
    <line>
      <![CDATA[<br><b><font color='green'>Test Case NEWNGMEL-189_48 Pass</b><br>]]>
    </line>
    <line>
      <![CDATA[<br><b>Test method: NEWNGMEL-190_11, NEWNGMEL-190_13, NEWNGMEL-190_15, NEWNGMEL-190_16, NEWNGMEL-190_17, NEWNGMEL-190_18.</b>]]>
    </line>
    <line>
      <![CDATA[Current Tab selected isMessage]]>
    </line>
    <line>
      <![CDATA[Current Tab selected isMessage]]>
    </line>
    <line>
      <![CDATA[Recipients are added from contact list]]>
    </line>
    <line>
      <![CDATA[Recipients are displayed in Recipients field.]]>
    </line>
    <line>
      <![CDATA[Current Tab selected isMessage]]>
    </line>
    <line>
      <![CDATA[<br>Inbox is selected by default.</br>]]>
    </line>
    <line>
      <![CDATA[<br>Sent message tab is displayed.</br>]]>
    </line>
    <line>
      <![CDATA[<br>The table headers exists in Sent Items tab]]>
    </line>
    <line>
      <![CDATA[<br>Sent messageSubject Test.161is displayed.</br>]]>
    </line>
    <line>
      <![CDATA[<br><b>Most recent messages appear first.</b>]]>
    </line>
    <line>
      <![CDATA[<br><b><font color='green'>Test Case NEWNGMEL-190_11 Pass</b><br>]]>
    </line>
    <line>
      <![CDATA[<br><b>The messages are sorted as per priorities.</b>]]>
    </line>
    <line>
      <![CDATA[<br><b><font color='green'>Test Case NEWNGMEL-190_13 Pass</b><br>]]>
    </line>
    <line>
      <![CDATA[<br><b>The messages are sorted alphabetically for recipeints.</b>]]>
    </line>
    <line>
      <![CDATA[<br><b><font color='green'>Test Case NEWNGMEL-190_14 Pass</b><br>]]>
    </line>
    <line>
      <![CDATA[<br><b>The messages are sorted alphabetically for subject.</b>]]>
    </line>
    <line>
      <![CDATA[<br><b><font color='green'>Test Case NEWNGMEL-190_15 Pass</b><br>]]>
    </line>
    <line>
      <![CDATA[<br><b>The messages are sorted as per the dates.</b>]]>
    </line>
    <line>
      <![CDATA[<br><b><font color='green'>Test Case NEWNGMEL-190_16 Pass</b><br>]]>
    </line>
    <line>
      <![CDATA[<br><b>The messages are displayed as per the dates.</b>]]>
    </line>
    <line>
      <![CDATA[<br><b><font color='green'>Test Case NEWNGMEL-190_18 Pass</b><br>]]>
    </line>
    <line>
      <![CDATA[<br><b>The contents are deleted.</b>]]>
    </line>
    <line>
      <![CDATA[<br><b><font color='green'>Test Case NEWNGMEL-190_17 Pass</b><br>]]>
    </line>
    <line>
      <![CDATA[<br><b>Test method: NEWNGMEL-189_25, NEWNGMEL-189_29, NEWNGMEL-189_26,NEWNGMEL-189_27, NEWNGMEL-189_28.</b>]]>
    </line>
    <line>
      <![CDATA[Current Tab selected isMessage]]>
    </line>
    <line>
      <![CDATA[Current Tab selected isMessage]]>
    </line>
    <line>
      <![CDATA[Recipients are added from contact list]]>
    </line>
    <line>
      <![CDATA[Recipients are displayed in Recipients field.]]>
    </line>
    <line>
      <![CDATA[Current Tab selected isMessage]]>
    </line>
    <line>
      <![CDATA[Recipients are added from contact list]]>
    </line>
    <line>
      <![CDATA[Recipients are displayed in Recipients field.]]>
    </line>
    <line>
      <![CDATA[<br><b>Message notification is displayed.</b>]]>
    </line>
    <line>
      <![CDATA[<br><b><font color='green'>Test Case NEWNGMEL-189_25 Pass</b><br>]]>
    </line>
    <line>
      <![CDATA[Current Tab selected isMessage]]>
    </line>
    <line>
      <![CDATA[<br><b>Inbox is selected by default.</b>]]>
    </line>
    <line>
      <![CDATA[<br><b><font color='green'>Test Case NEWNGMEL-189_29 Pass</b><br>]]>
    </line>
    <line>
      <![CDATA[Current Tab selected isMessage]]>
    </line>
    <line>
      <![CDATA[<br>Latest messages appear first.</br>]]>
    </line>
    <line>
      <![CDATA[<br><b><font color='green'>Test Case NEWNGMEL-189_26 Pass</b><br>]]>
    </line>
    <line>
      <![CDATA[<br>Teacher messageSubject Test.50is displayed in student inbox.</br>]]>
    </line>
    <line>
      <![CDATA[<br>Teacher messageSubject Test.159is displayed in student inbox.</br>]]>
    </line>
    <line>
      <![CDATA[<br>Message notification is displayed.</br>]]>
    </line>
    <line>
      <![CDATA[<br><b>The notification counter is reduced by 1.</b>]]>
    </line>
    <line>
      <![CDATA[<br><b><font color='green'>Test Case NEWNGMEL-189_27 Pass</b><br>]]>
    </line>
    <line>
      <![CDATA[<br><b>The no notification displayed.</b>]]>
    </line>
    <line>
      <![CDATA[<br><b><font color='green'>Test Case NEWNGMEL-189_28 Pass</b><br>]]>
    </line>
    <line>
      <![CDATA[<br><b>Test method: NEWNGMEL-147_14, NEWNGMEL-147_15, NEWNGMEL-147_17, NEWNGMEL-147_16, NEWNGMEL-147_13, NEWNGMEL-147_18, NEWNGMEL-147_11, NEWNGMEL-147_19.</b>]]>
    </line>
    <line>
      <![CDATA[Current Tab selected isMessage]]>
    </line>
    <line>
      <![CDATA[<br><b>Error message is displayed for empty recipient list.</b>]]>
    </line>
    <line>
      <![CDATA[<br><b><font color='green'>Test Case NEWNGMEL-147_14 Pass</b><br>]]>
    </line>
    <line>
      <![CDATA[<br><b>Student can enter recipient manually.</b>]]>
    </line>
    <line>
      <![CDATA[<br><b><font color='red'> Test Case NEWNGMEL-147_15 Fail</b><br>]]>
    </line>
    <line>
      <![CDATA[Recipients are added from contact list]]>
    </line>
    <line>
      <![CDATA[<br><b>Error message is displayed for empty subject line list.</b>]]>
    </line>
    <line>
      <![CDATA[<br><b><font color='green'>Test Case NEWNGMEL-147_17 Pass</b><br>]]>
    </line>
    <line>
      <![CDATA[<br><b>An error message for long subject is displayed.</b>]]>
    </line>
    <line>
      <![CDATA[<br><b><font color='green'>Test Case NEWNGMEL-147_16 Pass</b><br>]]>
    </line>
    <line>
      <![CDATA[Recipients are added from contact list]]>
    </line>
    <line>
      <![CDATA[<br><b>Recipients are displayed in Recipients field.</b>]]>
    </line>
    <line>
      <![CDATA[<br><b><font color='green'>Test Case NEWNGMEL-147_13 Pass</b><br>]]>
    </line>
    <line>
      <![CDATA[<br><b>By default priority is set to Normal]]>
    </line>
    <line>
      <![CDATA[<br><b>Student is able to set priority.</b>]]>
    </line>
    <line>
      <![CDATA[<br><b><font color='green'>Test Case NEWNGMEL-147_18 Pass</b><br>]]>
    </line>
    <line>
      <![CDATA[<br><b>Student is able to send message from new message tab.</b>]]>
    </line>
    <line>
      <![CDATA[<br><b><font color='green'>Test Case NEWNGMEL-147_11 Pass</b><br>]]>
    </line>
    <line>
      <![CDATA[The message exists in Sent Items tab]]>
    </line>
    <line>
      <![CDATA[<br><b>The message sent is displayed in Sent messages tab.</b>]]>
    </line>
    <line>
      <![CDATA[<br><b><font color='green'>Test Case NEWNGMEL-147_19 Pass</b><br>]]>
    </line>
    <line>
      <![CDATA[<br><b>Test method: NEWNGMEL-189_30, NEWNGMEL-189_31, NEWNGMEL-189_32, NEWNGMEL-189_33, NEWNGMEL-189_34, NEWNGMEL-189_35, NEWNGMEL-189_37, NEWNGMEL-189_38, NEWNGMEL-189_39, NEWNGMEL-189_40, NEWNGMEL-189_36, NEWNGMEL-189_41.</b>]]>
    </line>
    <line>
      <![CDATA[Current Tab selected isMessage]]>
    </line>
    <line>
      <![CDATA[Current Tab selected isMessage]]>
    </line>
    <line>
      <![CDATA[Recipients are added from contact list]]>
    </line>
    <line>
      <![CDATA[Recipients are displayed in Recipients field.]]>
    </line>
    <line>
      <![CDATA[Current Tab selected isMessage]]>
    </line>
    <line>
      <![CDATA[Recipients are added from contact list]]>
    </line>
    <line>
      <![CDATA[Recipients are displayed in Recipients field.]]>
    </line>
    <line>
      <![CDATA[Current Tab selected isMessage]]>
    </line>
    <line>
      <![CDATA[<br><b>Inbox is selected by default.</br>]]>
    </line>
    <line>
      <![CDATA[<br><b>Teacher messageSubject Test.61is displayed in student inbox.</br>]]>
    </line>
    <line>
      <![CDATA[<br><b>Teacher messageSubject Test.438is displayed in student inbox.</br>]]>
    </line>
    <line>
      <![CDATA[<br><b>The message sent by the teacher and column headers are displayed in Inbox tab.</b>]]>
    </line>
    <line>
      <![CDATA[<br><b><font color='green'>Test Case NEWNGMEL-189_30 Pass</b><br>]]>
    </line>
    <line>
      <![CDATA[<br><b>The messages are sorted as per priorities.</b>]]>
    </line>
    <line>
      <![CDATA[<br><b><font color='green'>Test Case NEWNGMEL-189_31 Pass</b><br>]]>
    </line>
    <line>
      <![CDATA[<br><b>The messages are sorted alphabetically for sender type.</b>]]>
    </line>
    <line>
      <![CDATA[<br><b><font color='green'>Test Case NEWNGMEL-189_32 Pass</b><br>]]>
    </line>
    <line>
      <![CDATA[<br><b>The messages are sorted alphabetically for sender.</b></br>]]>
    </line>
    <line>
      <![CDATA[<br><b><font color='green'>Test Case NEWNGMEL-189_33 Pass</b><br>]]>
    </line>
    <line>
      <![CDATA[<br><b>The messages are sorted alphabetically for Subject.</b></br>]]>
    </line>
    <line>
      <![CDATA[<br><b><font color='green'>Test Case NEWNGMEL-189_34 Pass</b><br>]]>
    </line>
    <line>
      <![CDATA[<br><b>The messages are sorted as per the dates.</b></br>]]>
    </line>
    <line>
      <![CDATA[<br><b><font color='green'>Test Case NEWNGMEL-189_35 Pass</b><br>]]>
    </line>
    <line>
      <![CDATA[<br>Messages are displayed within the date range.</br>]]>
    </line>
    <line>
      <![CDATA[<br>Messages are displayed within the date range.</br>]]>
    </line>
    <line>
      <![CDATA[<br>Messages are displayed within the date range.</br>]]>
    </line>
    <line>
      <![CDATA[<br>Messages are displayed within the date range.</br>]]>
    </line>
    <line>
      <![CDATA[<br>Messages are displayed within the date range.</br>]]>
    </line>
    <line>
      <![CDATA[<br>Messages are displayed within the date range.</br>]]>
    </line>
    <line>
      <![CDATA[<br>Messages are displayed within the date range.</br>]]>
    </line>
    <line>
      <![CDATA[<br>Messages are displayed within the date range.</br>]]>
    </line>
    <line>
      <![CDATA[<br><b>The messages are displayed as per the dates.</b></br>]]>
    </line>
    <line>
      <![CDATA[<br><b><font color='green'>Test Case NEWNGMEL-189_37 Pass</b><br>]]>
    </line>
    <line>
      <![CDATA[Student is able to display all messages on clicking Show All button.]]>
    </line>
    <line>
      <![CDATA[<br><b><font color='green'>Test Case NEWNGMEL-189_41 Pass</b><br>]]>
    </line>
    <line>
      <![CDATA[<br><b>The inbox message are displayed for selected sender type.</b></br>]]>
    </line>
    <line>
      <![CDATA[<br><b><font color='green'>Test Case NEWNGMEL-189_38 Pass</b><br>]]>
    </line>
    <line>
      <![CDATA[<br><b>Unread messages are not displayed when filter is set for Read.</b></br>]]>
    </line>
    <line>
      <![CDATA[<br><b><font color='green'>Test Case NEWNGMEL-189_39 Pass</b><br>]]>
    </line>
    <line>
      <![CDATA[<br><b>The messages displayed are inrange, sent by student and the status is for these messages is Read.</b></br>]]>
    </line>
    <line>
      <![CDATA[<br><b><font color='green'>Test Case NEWNGMEL-189_40 Pass</b><br>]]>
    </line>
    <line>
      <![CDATA[<br><b>The contents are deleted. Test case NEWNGMEL-189_36 passed.</b></br>]]>
    </line>
    <line>
      <![CDATA[<br><b><font color='green'>Test Case NEWNGMEL-189_36 Pass</b><br>]]>
    </line>
    <line>
      <![CDATA[<br><b>Test method: NEWNGMEL-189_1, NEWNGMEL-189_2, NEWNGMEL-189_3, NEWNGMEL-189_4.</b></br>]]>
    </line>
    <line>
      <![CDATA[Current Tab selected isMessage]]>
    </line>
    <line>
      <![CDATA[Current Tab selected isMessage]]>
    </line>
    <line>
      <![CDATA[Recipients are added from contact list]]>
    </line>
    <line>
      <![CDATA[Recipients are displayed in Recipients field.]]>
    </line>
    <line>
      <![CDATA[Current Tab selected isMessage]]>
    </line>
    <line>
      <![CDATA[Recipients are added from contact list]]>
    </line>
    <line>
      <![CDATA[Recipients are displayed in Recipients field.]]>
    </line>
    <line>
      <![CDATA[<br><b>Message notification is displayed.</b></br>]]>
    </line>
    <line>
      <![CDATA[<br><b><font color='green'>Test Case NEWNGMEL-189_1 Pass</b><br>]]>
    </line>
    <line>
      <![CDATA[Current Tab selected isMessage]]>
    </line>
    <line>
      <![CDATA[<br>Inbox is selected by default.</br>]]>
    </line>
    <line>
      <![CDATA[<br>Latest messages appear first.</br>]]>
    </line>
    <line>
      <![CDATA[<br><b><font color='green'>Test Case NEWNGMEL-189_2 Pass</b><br>]]>
    </line>
    <line>
      <![CDATA[<br>Student messageSubject Test.706is displayed in teacher inbox.</br>]]>
    </line>
    <line>
      <![CDATA[<br>Student messageSubject Test.749is displayed in teacher inbox.</br>]]>
    </line>
    <line>
      <![CDATA[<br>Message notification is displayed.</br>]]>
    </line>
    <line>
      <![CDATA[<br><b>The notification counter is reduced by 1.</b></br>]]>
    </line>
    <line>
      <![CDATA[<br><b><font color='green'>Test Case NEWNGMEL-189_3 Pass</b><br>]]>
    </line>
    <line>
      <![CDATA[<br><b>The no notification displayed.</b></br>]]>
    </line>
    <line>
      <![CDATA[<br><b><font color='green'>Test Case NEWNGMEL-189_4 Pass</b><br>]]>
    </line>
    <line>
      <![CDATA[<br><b>Test method: NEWNGMEL-189_7, NEWNGMEL-189_8, NEWNGMEL-189_9, NEWNGMEL-189_10, NEWNGMEL-189_11, NEWNGMEL-189_13, NEWNGMEL-189_15, NEWNGMEL-189_16, NEWNGMEL-189_12.</b></br>]]>
    </line>
    <line>
      <![CDATA[Current Tab selected isMessage]]>
    </line>
    <line>
      <![CDATA[Current Tab selected isMessage]]>
    </line>
    <line>
      <![CDATA[Recipients are added from contact list]]>
    </line>
    <line>
      <![CDATA[Recipients are displayed in Recipients field.]]>
    </line>
    <line>
      <![CDATA[Current Tab selected isMessage]]>
    </line>
    <line>
      <![CDATA[Recipients are added from contact list]]>
    </line>
    <line>
      <![CDATA[Recipients are displayed in Recipients field.]]>
    </line>
    <line>
      <![CDATA[Current Tab selected isMessage]]>
    </line>
    <line>
      <![CDATA[<br>Inbox is selected by default.</br>]]>
    </line>
    <line>
      <![CDATA[<br>The table headers exists in Inbox tab]]>
    </line>
    <line>
      <![CDATA[<br><b>The messages are not sorted as per priorities.</b></br>]]>
    </line>
    <line>
      <![CDATA[<br><b><font color='red'> Test Case NEWNGMEL-189_7 Fail</b><br>]]>
    </line>
    <line>
      <![CDATA[<br><b>The messages are sorted alphabetically for sender type.</b></br>]]>
    </line>
    <line>
      <![CDATA[<br><b><font color='green'>Test Case NEWNGMEL-189_8 Pass</b><br>]]>
    </line>
    <line>
      <![CDATA[<br><b>The messages are sorted alphabetically for sender.</b></br>]]>
    </line>
    <line>
      <![CDATA[<br><b><font color='green'>Test Case NEWNGMEL-189_9 Pass</b><br>]]>
    </line>
    <line>
      <![CDATA[<br><b>The messages are not sorted  alphabetically for Subject.</b></br>]]>
    </line>
    <line>
      <![CDATA[<br><b><font color='red'> Test Case NEWNGMEL-189_10 Fail</b><br>]]>
    </line>
    <line>
      <![CDATA[<br><b>The messages are not sorted  as per the dates.</b></br>]]>
    </line>
    <line>
      <![CDATA[<br><b><font color='red'> Test Case NEWNGMEL-189_11 Fail</b><br>]]>
    </line>
    <line>
      <![CDATA[<br>Inrange]]>
    </line>
    <line>
      <![CDATA[<br>Inrange]]>
    </line>
    <line>
      <![CDATA[<br>Inrange]]>
    </line>
    <line>
      <![CDATA[<br>Inrange]]>
    </line>
    <line>
      <![CDATA[<br>Inrange]]>
    </line>
    <line>
      <![CDATA[<br>Inrange]]>
    </line>
    <line>
      <![CDATA[<br>Inrange]]>
    </line>
    <line>
      <![CDATA[<br>Inrange]]>
    </line>
    <line>
      <![CDATA[<br>Inrange]]>
    </line>
    <line>
      <![CDATA[<br>Inrange]]>
    </line>
    <line>
      <![CDATA[<br><b>The messages are displayed as per the dates.</b></br>]]>
    </line>
    <line>
      <![CDATA[<br><b><font color='green'>Test Case NEWNGMEL-189_13 Pass</b><br>]]>
    </line>
    <line>
      <![CDATA[<br><b>Unread messages are not displayed when filter is set for Read.</b></br>]]>
    </line>
    <line>
      <![CDATA[<br><b><font color='green'>Test Case NEWNGMEL-189_15 Pass</b><br>]]>
    </line>
    <line>
      <![CDATA[<br><b>The messages displayed are inrange, sent by student and the status is for these messages is Read.</b></br>]]>
    </line>
    <line>
      <![CDATA[<br><b><font color='green'>Test Case NEWNGMEL-189_16 Pass</b><br>]]>
    </line>
    <line>
      <![CDATA[<br><b>The contents are deleted.</b></br>]]>
    </line>
    <line>
      <![CDATA[<br><b><font color='green'>Test Case NEWNGMEL-189_12 Pass</b><br>]]>
    </line>
    <line>
      <![CDATA[<br><b>Test method: NEWNGMEL-147_5, NEWNGMEL-147_8, NEWNGMEL-147_7, NEWNGMEL-147_4, NEWNGMEL-147_1, NEWNGMEL-147_10.</b></br>]]>
    </line>
    <line>
      <![CDATA[Current Tab selected isMessage]]>
    </line>
    <line>
      <![CDATA[<br><b><font color='green'>Test Case NEWNGMEL-147_5 Pass</b><br>]]>
    </line>
    <line>
      <![CDATA[<br>Error message is displayed for empty recipient list.</br>]]>
    </line>
    <line>
      <![CDATA[<br>Teacher cannot enter recipient manually. ]]>
    </line>
    <line>
      <![CDATA[Recipients are added from contact list]]>
    </line>
    <line>
      <![CDATA[<br><b>Error message is displayed for empty subject line list.</b></br>]]>
    </line>
    <line>
      <![CDATA[<br><b><font color='green'>Test Case NEWNGMEL-147_8 Pass</b><br>]]>
    </line>
    <line>
      <![CDATA[<br><b>An error message for long subject is displayed.</b></br>]]>
    </line>
    <line>
      <![CDATA[<br><b><font color='green'>Test Case NEWNGMEL-147_7 Pass</b><br>]]>
    </line>
    <line>
      <![CDATA[Recipients are added from contact list]]>
    </line>
    <line>
      <![CDATA[<br><b>Recipients are displayed in Recipients field.</b></br>]]>
    </line>
    <line>
      <![CDATA[<br><b><font color='green'>Test Case NEWNGMEL-147_4 Pass</b><br>]]>
    </line>
    <line>
      <![CDATA[<br>By default priority is set to Normal]]>
    </line>
    <line>
      <![CDATA[<br><b>Teacher is able to send from new message tab.</b></br>]]>
    </line>
    <line>
      <![CDATA[<br><b><font color='green'>Test Case NEWNGMEL-147_1 Pass</b><br>]]>
    </line>
    <line>
      <![CDATA[The message exists in Sent Items tab]]>
    </line>
    <line>
      <![CDATA[<br><b>The message sent is displayed in Sent messages tab.</b></br>]]>
    </line>
    <line>
      <![CDATA[<br><b><font color='green'>Test Case NEWNGMEL-147_10 Pass</b><br>]]>
    </line>
    <line>
      <![CDATA[<br><b>Test method: NEWNGMEL-189_18, NEWNGMEL-189_21, NEWNGMEL-189_22, NEWNGMEL-189_23, NEWNGMEL-189_24.</b></br>]]>
    </line>
    <line>
      <![CDATA[Current Tab selected isMessage]]>
    </line>
    <line>
      <![CDATA[Current Tab selected isMessage]]>
    </line>
    <line>
      <![CDATA[Recipients are added from contact list]]>
    </line>
    <line>
      <![CDATA[Recipients are displayed in Recipients field.]]>
    </line>
    <line>
      <![CDATA[Current Tab selected isMessage]]>
    </line>
    <line>
      <![CDATA[<br>Inbox is selected by default.</br>]]>
    </line>
    <line>
      <![CDATA[<br>Student messageSubject Test.465is displayed in teacher inbox.</br>]]>
    </line>
    <line>
      <![CDATA[<br><b>Teacher is able to read message by clicking on the message.</b></br>]]>
    </line>
    <line>
      <![CDATA[<br><b><font color='green'>Test Case NEWNGMEL-189_18 Pass</b><br>]]>
    </line>
    <line>
      <![CDATA[<br><b>Teacher is able to see all the  From (sender name), To (recipient list), Subject (message subject) and the message Content.</b></br>]]>
    </line>
    <line>
      <![CDATA[<br><b><font color='green'>Test Case NEWNGMEL-189_21 Pass</b><br>]]>
    </line>
    <line>
      <![CDATA[<br>Incorrect data is displayed in the message.</br>]]>
    </line>
    <line>
      <![CDATA[<br>Teacher is navigated to New Message tab in reply mode.</br>]]>
    </line>
    <line>
      <![CDATA[<br><b>The recipients and the subject are already filled with appropriate values.</b></br>]]>
    </line>
    <line>
      <![CDATA[<br><b><font color='green'>Test Case NEWNGMEL-189_22 Pass</b><br>]]>
    </line>
    <line>
      <![CDATA[<br>Teacher is navigated to New Message tab in forward mode.</br>]]>
    </line>
    <line>
      <![CDATA[<br><b>The recipients field is empty and the subject are already filled.</b></br>]]>
    </line>
    <line>
      <![CDATA[<br><b><font color='green'>Test Case NEWNGMEL-189_23 Pass</b><br>]]>
    </line>
    <line>
      <![CDATA[<br><b>Dialog box for delete confirmation is displayed.</b></br>]]>
    </line>
    <line>
      <![CDATA[<br><b><font color='green'>Test Case NEWNGMEL-189_24 Pass</b><br>]]>
    </line>
    <line>
      <![CDATA[<br><b>Test method: NEWNGMEL-147_2, NEWNGMEL-147_3, NEWNGMEL-1681_5, NEWNGMEL-1681_6, NEWNGMEL-153_2.</b></br>]]>
    </line>
    <line>
      <![CDATA[Current Tab selected isMessage]]>
    </line>
    <line>
      <![CDATA[Recipients are added from contact list]]>
    </line>
    <line>
      <![CDATA[Recipients are displayed in Recipients field.]]>
    </line>
    <line>
      <![CDATA[Current Tab selected isSettings]]>
    </line>
    <line>
      <![CDATA[<br> Course Management tab is loaded correctly]]>
    </line>
    <line>
      <![CDATA[Current Tab selected isMessage]]>
    </line>
    <line>
      <![CDATA[Recipients are added from contact list]]>
    </line>
    <line>
      <![CDATA[<br><b>Teacher is able to send message to the student.</b></br>]]>
    </line>
    <line>
      <![CDATA[<br><b><font color='green'>Test Case NEWNGMEL-147_3 Pass</b><br>]]>
    </line>
    <line>
      <![CDATA[Current Tab selected isMessage]]>
    </line>
    <line>
      <![CDATA[<br><b>The contact list checkbox is disabled.</b></br>]]>
    </line>
    <line>
      <![CDATA[<br><b><font color='green'>Test Case NEWNGMEL-147_2 Pass</b><br>]]>
    </line>
    <line>
      <![CDATA[<br><b><font color='green'>Test Case NEWNGMEL-147_12 Pass</b><br>]]>
    </line>
    <line>
      <![CDATA[Student is able to send message to only the teacher and not student when the messanger is turned off.]]>
    </line>
    <line>
      <![CDATA[<br><b><font color='green'>Test Case NEWNGMEL-153_2 Pass</b><br>]]>
    </line>
    <line>
      <![CDATA[<br><b>Test method: NEWNGMEL-190_1, NEWNGMEL-190_3 , NEWNGMEL-190_5, NEWNGMEL-190_6,  NEWNGMEL-190_7, NEWNGMEL-190_4, NEWNGMEL-190_8.</b></br>]]>
    </line>
    <line>
      <![CDATA[Current Tab selected isMessage]]>
    </line>
    <line>
      <![CDATA[Recipients are added from contact list]]>
    </line>
    <line>
      <![CDATA[Recipients are displayed in Recipients field.]]>
    </line>
    <line>
      <![CDATA[Current Tab selected isMessage]]>
    </line>
    <line>
      <![CDATA[<br>Inbox is selected by default.</br>]]>
    </line>
    <line>
      <![CDATA[<br>Sent message tab is displayed.</br>]]>
    </line>
    <line>
      <![CDATA[<br>The table headers exists in Sent Items tab]]>
    </line>
    <line>
      <![CDATA[<br>Sent messagenullis not displayed.</br>]]>
    </line>
    <line>
      <![CDATA[<br><b>Latest messages appear first.</b></br>]]>
    </line>
    <line>
      <![CDATA[<br><b><font color='green'>Test Case NEWNGMEL-190_1 Pass</b><br>]]>
    </line>
    <line>
      <![CDATA[<br><b>The messages are not sorted as per priorities.</b></br>]]>
    </line>
    <line>
      <![CDATA[<br><b><font color='red'> Test Case NEWNGMEL-190_3 Fail</b><br>]]>
    </line>
    <line>
      <![CDATA[<br><b>The messages are sorted alphabetically for recipeints.</b></br>]]>
    </line>
    <line>
      <![CDATA[<br><b><font color='green'>Test Case NEWNGMEL-190_4 Pass</b><br>]]>
    </line>
    <line>
      <![CDATA[<br><b>The messages are not sorted alphabetically for subject.</b></br>]]>
    </line>
    <line>
      <![CDATA[<br><b><font color='red'> Test Case NEWNGMEL-190_5 Fail</b><br>]]>
    </line>
    <line>
      <![CDATA[<br><b>The messages are sorted as per the dates.</b></br>]]>
    </line>
    <line>
      <![CDATA[<br><b><font color='green'>Test Case NEWNGMEL-190_6 Pass</b><br>]]>
    </line>
    <line>
      <![CDATA[<br><b>The messages are displayed as per the dates.</b></br>]]>
    </line>
    <line>
      <![CDATA[<br><b><font color='green'>Test Case NEWNGMEL-190_8 Pass</b><br>]]>
    </line>
    <line>
      <![CDATA[<br><b>The contents are deleted.</b></br>]]>
    </line>
    <line>
      <![CDATA[<br><b><font color='green'>Test Case NEWNGMEL-190_7 Pass</b><br>]]>
    </line>
  </reporter-output>
  <suite name="NMEL-3 Regression Suite">
    <groups>
      <group name="regression">
        <method signature="com.pearson.piltg.ngmelII.RegressionNMELIII.Message_Teacher.inboxMessageNotification()" name="inboxMessageNotification" class="com.pearson.piltg.ngmelII.RegressionNMELIII.Message_Teacher"/>
        <method signature="com.pearson.piltg.ngmelII.RegressionNMELIII.Homepage_Calender.calendarAssignment()" name="calendarAssignment" class="com.pearson.piltg.ngmelII.RegressionNMELIII.Homepage_Calender"/>
        <method signature="com.pearson.piltg.ngmelII.RegressionNMELIII.Message_Teacher.inboxMessageViewAndSort()" name="inboxMessageViewAndSort" class="com.pearson.piltg.ngmelII.RegressionNMELIII.Message_Teacher"/>
        <method signature="com.pearson.piltg.ngmelII.RegressionNMELIII.Message_Teacher.messageCreate()" name="messageCreate" class="com.pearson.piltg.ngmelII.RegressionNMELIII.Message_Teacher"/>
        <method signature="com.pearson.piltg.ngmelII.RegressionNMELIII.Message_Teacher.inboxMessageReadMessage()" name="inboxMessageReadMessage" class="com.pearson.piltg.ngmelII.RegressionNMELIII.Message_Teacher"/>
        <method signature="com.pearson.piltg.ngmelII.RegressionNMELIII.Message_Teacher.turnOffMessangerAndCreateMessage()" name="turnOffMessangerAndCreateMessage" class="com.pearson.piltg.ngmelII.RegressionNMELIII.Message_Teacher"/>
        <method signature="com.pearson.piltg.ngmelII.RegressionNMELIII.Message_Student.inboxMessageReadStudent()" name="inboxMessageReadStudent" class="com.pearson.piltg.ngmelII.RegressionNMELIII.Message_Student"/>
        <method signature="com.pearson.piltg.ngmelII.RegressionNMELIII.Message_Student.sentMessagesViewAndSortStudent()" name="sentMessagesViewAndSortStudent" class="com.pearson.piltg.ngmelII.RegressionNMELIII.Message_Student"/>
        <method signature="com.pearson.piltg.ngmelII.RegressionNMELIII.ForwardMessage.forwardMessageTurnOff()" name="forwardMessageTurnOff" class="com.pearson.piltg.ngmelII.RegressionNMELIII.ForwardMessage"/>
        <method signature="com.pearson.piltg.ngmelII.RegressionNMELIII.Message_Student.messageInboxNotificationStudent()" name="messageInboxNotificationStudent" class="com.pearson.piltg.ngmelII.RegressionNMELIII.Message_Student"/>
        <method signature="com.pearson.piltg.ngmelII.RegressionNMELIII.Message_Teacher.sentMessageViewAndSort()" name="sentMessageViewAndSort" class="com.pearson.piltg.ngmelII.RegressionNMELIII.Message_Teacher"/>
        <method signature="com.pearson.piltg.ngmelII.RegressionNMELIII.Homepage_Calender.calendarAddEventsOnPastDates()" name="calendarAddEventsOnPastDates" class="com.pearson.piltg.ngmelII.RegressionNMELIII.Homepage_Calender"/>
        <method signature="com.pearson.piltg.ngmelII.RegressionNMELIII.Homepage_Calender.addEventStudent()" name="addEventStudent" class="com.pearson.piltg.ngmelII.RegressionNMELIII.Homepage_Calender"/>
        <method signature="com.pearson.piltg.ngmelII.RegressionNMELIII.Message_Student.messageCreateStudent()" name="messageCreateStudent" class="com.pearson.piltg.ngmelII.RegressionNMELIII.Message_Student"/>
        <method signature="com.pearson.piltg.ngmelII.RegressionNMELIII.Message_Student.inboxViewAndSortStudent()" name="inboxViewAndSortStudent" class="com.pearson.piltg.ngmelII.RegressionNMELIII.Message_Student"/>
        <method signature="com.pearson.piltg.ngmelII.RegressionNMELIII.Homepage_Calender.calendarCourseVerify()" name="calendarCourseVerify" class="com.pearson.piltg.ngmelII.RegressionNMELIII.Homepage_Calender"/>
        <method signature="com.pearson.piltg.ngmelII.RegressionNMELIII.ForwardMessage.forwardMessage()" name="forwardMessage" class="com.pearson.piltg.ngmelII.RegressionNMELIII.ForwardMessage"/>
        <method signature="com.pearson.piltg.ngmelII.RegressionNMELIII.Homepage_Calender.calendarGeneralEventVerify()" name="calendarGeneralEventVerify" class="com.pearson.piltg.ngmelII.RegressionNMELIII.Homepage_Calender"/>
      </group>
    </groups>
    <test name="Regression Tests 2">
      <class name="com.pearson.piltg.ngmelII.RegressionNMELIII.Message_Teacher">
        <test-method status="PASS" signature="inboxMessageViewAndSort()" name="inboxMessageViewAndSort" duration-ms="422953" started-at="2014-10-04T08:15:33Z" description="NEWNGMEL-189_7, NEWNGMEL-189_8, NEWNGMEL-189_9, NEWNGMEL-189_10, NEWNGMEL-189_11, NEWNGMEL-189_13, NEWNGMEL-189_15, NEWNGMEL-189_16, NEWNGMEL-189_12." finished-at="2014-10-04T08:22:36Z">
        </test-method>
        <test-method status="PASS" signature="inboxMessageReadMessage()" name="inboxMessageReadMessage" duration-ms="246534" started-at="2014-10-04T08:24:47Z" description="NEWNGMEL-189_18, NEWNGMEL-189_21, NEWNGMEL-189_22, NEWNGMEL-189_23, NEWNGMEL-189_24." finished-at="2014-10-04T08:28:53Z">
        </test-method>
        <test-method status="PASS" signature="messageCreate()" name="messageCreate" duration-ms="130902" started-at="2014-10-04T08:22:36Z" description="NEWNGMEL-147_5, NEWNGMEL-147_8, NEWNGMEL-147_7, NEWNGMEL-147_4, NEWNGMEL-147_1, NEWNGMEL-147_10" finished-at="2014-10-04T08:24:47Z">
        </test-method>
        <test-method status="PASS" signature="inboxMessageNotification()" name="inboxMessageNotification" duration-ms="354800" started-at="2014-10-04T08:09:38Z" description="NEWNGMEL-189_1, NEWNGMEL-189_2, NEWNGMEL-189_3, NEWNGMEL-189_4" finished-at="2014-10-04T08:15:33Z">
        </test-method>
        <test-method status="PASS" signature="sentMessageViewAndSort()" name="sentMessageViewAndSort" duration-ms="234281" started-at="2014-10-04T08:32:43Z" description="NEWNGMEL-190_1, NEWNGMEL-190_3 , NEWNGMEL-190_5, NEWNGMEL-190_6,  NEWNGMEL-190_7, NEWNGMEL-190_4, NEWNGMEL-190_8." finished-at="2014-10-04T08:36:38Z">
        </test-method>
        <test-method status="PASS" signature="turnOffMessangerAndCreateMessage()" name="turnOffMessangerAndCreateMessage" duration-ms="230145" started-at="2014-10-04T08:28:53Z" description="NEWNGMEL-147_2, NEWNGMEL-147_3, NEWNGMEL-1681_5, NEWNGMEL-1681_6, NEWNGMEL-153_2." finished-at="2014-10-04T08:32:43Z">
        </test-method>
        <test-method status="PASS" signature="setUp()" name="setUp" is-config="true" duration-ms="7634" started-at="2014-10-04T08:09:30Z" finished-at="2014-10-04T08:09:38Z">
        </test-method>
        <test-method status="PASS" signature="tearDown()" name="tearDown" is-config="true" duration-ms="2581" started-at="2014-10-04T08:36:38Z" finished-at="2014-10-04T08:36:40Z">
        </test-method>
      </class>
      <class name="com.pearson.piltg.ngmelII.RegressionNMELIII.ForwardMessage">
        <test-method status="PASS" signature="setUp()" name="setUp" is-config="true" duration-ms="8070" started-at="2014-10-04T07:21:58Z" finished-at="2014-10-04T07:22:07Z">
        </test-method>
        <test-method status="PASS" signature="forwardMessageTurnOff()" name="forwardMessageTurnOff" duration-ms="142409" started-at="2014-10-04T07:22:07Z" description="NEWNGMEL-1682_5,NEWNGMEL-1682_6." finished-at="2014-10-04T07:24:29Z">
        </test-method>
        <test-method status="PASS" signature="tearDown()" name="tearDown" is-config="true" duration-ms="2401" started-at="2014-10-04T07:29:02Z" finished-at="2014-10-04T07:29:04Z">
        </test-method>
        <test-method status="PASS" signature="forwardMessage()" name="forwardMessage" duration-ms="273006" started-at="2014-10-04T07:24:29Z" description="NEWNGMEL-1682_1,NEWNGMEL-1682_2." finished-at="2014-10-04T07:29:02Z">
        </test-method>
      </class>
      <class name="com.pearson.piltg.ngmelII.RegressionNMELIII.Homepage_Calender">
        <test-method status="PASS" signature="addEventStudent()" name="addEventStudent" duration-ms="195105" started-at="2014-10-04T07:34:53Z" description="NEWNGMEL - 150_12, NEWNGMEL - 150_11." finished-at="2014-10-04T07:38:08Z">
        </test-method>
        <test-method status="PASS" signature="tearDown()" name="tearDown" is-config="true" duration-ms="2593" started-at="2014-10-04T07:46:50Z" finished-at="2014-10-04T07:46:52Z">
        </test-method>
        <test-method status="PASS" signature="calendarAssignment()" name="calendarAssignment" duration-ms="228230" started-at="2014-10-04T07:29:12Z" description="NEWNGMEL-2528_3,NEWNGMEL-2528_8, NEWNGMEL-2528_4, NEWNGMEL-2528_5." finished-at="2014-10-04T07:33:00Z">
        </test-method>
        <test-method status="PASS" signature="calendarCourseVerify()" name="calendarCourseVerify" duration-ms="284261" started-at="2014-10-04T07:38:08Z" description="NEWNGMEL - 150_3, NEWNGMEL - 150_4, NEWNGMEL-978_1, NEWNGMEL-978_5, NEWNGMEL-682_3, NEWNGMEL-978_3, NEWNGMEL-978_7, NEWNGMEL-978_11, NEWNGMEL-978_15, NEWNGMEL-978_13, NEWNGMEL-978_17" finished-at="2014-10-04T07:42:52Z">
        </test-method>
        <test-method status="PASS" signature="calendarGeneralEventVerify()" name="calendarGeneralEventVerify" duration-ms="237600" started-at="2014-10-04T07:42:52Z" description="NEWNGMEL - 150_1, NEWNGMEL - 150_2, NEWNGMEL-978_2, NEWNGMEL-978_4, NEWNGMEL-682_3, NEWNGMEL-978_6, NEWNGMEL-978_8, NEWNGMEL-978_12, NEWNGMEL-978_16, NEWNGMEL-978_14, NEWNGMEL-978_18" finished-at="2014-10-04T07:46:50Z">
        </test-method>
        <test-method status="PASS" signature="setUp()" name="setUp" is-config="true" duration-ms="7153" started-at="2014-10-04T07:29:04Z" finished-at="2014-10-04T07:29:12Z">
        </test-method>
        <test-method status="PASS" signature="calendarAddEventsOnPastDates()" name="calendarAddEventsOnPastDates" duration-ms="112801" started-at="2014-10-04T07:33:00Z" description="NEWNGMEL - 150_7, NEWNGMEL - 150_8." finished-at="2014-10-04T07:34:53Z">
        </test-method>
      </class>
      <class name="com.pearson.piltg.ngmelII.RegressionNMELIII.Message_Student">
        <test-method status="PASS" signature="sentMessagesViewAndSortStudent()" name="sentMessagesViewAndSortStudent" duration-ms="264096" started-at="2014-10-04T07:50:24Z" description="NEWNGMEL-190_11, NEWNGMEL-190_13, NEWNGMEL-190_15, NEWNGMEL-190_16, NEWNGMEL-190_17, NEWNGMEL-190_18" finished-at="2014-10-04T07:54:48Z">
        </test-method>
        <test-method status="PASS" signature="inboxViewAndSortStudent()" name="inboxViewAndSortStudent" duration-ms="402866" started-at="2014-10-04T08:02:45Z" description="NEWNGMEL-189_30, NEWNGMEL-189_31, NEWNGMEL-189_32, NEWNGMEL-189_33, NEWNGMEL-189_34, NEWNGMEL-189_35, NEWNGMEL-189_37, NEWNGMEL-189_38, NEWNGMEL-189_39, NEWNGMEL-189_40, NEWNGMEL-189_36, NEWNGMEL-189_41." finished-at="2014-10-04T08:09:28Z">
        </test-method>
        <test-method status="PASS" signature="inboxMessageReadStudent()" name="inboxMessageReadStudent" duration-ms="203921" started-at="2014-10-04T07:47:00Z" description="NEWNGMEL-189_42, NEWNGMEL-189_44, NEWNGMEL-189_45, NEWNGMEL-189_46, NEWNGMEL-189_47, NEWNGMEL-189_48." finished-at="2014-10-04T07:50:24Z">
        </test-method>
        <test-method status="PASS" signature="messageCreateStudent()" name="messageCreateStudent" duration-ms="142244" started-at="2014-10-04T08:00:23Z" description=" NEWNGMEL-147_14, NEWNGMEL-147_15, NEWNGMEL-147_17, NEWNGMEL-147_16, NEWNGMEL-147_13, NEWNGMEL-147_18, NEWNGMEL-147_11, NEWNGMEL-147_19" finished-at="2014-10-04T08:02:45Z">
        </test-method>
        <test-method status="PASS" signature="setUp()" name="setUp" is-config="true" duration-ms="7657" started-at="2014-10-04T07:46:52Z" finished-at="2014-10-04T07:47:00Z">
        </test-method>
        <test-method status="PASS" signature="messageInboxNotificationStudent()" name="messageInboxNotificationStudent" duration-ms="334994" started-at="2014-10-04T07:54:48Z" description="NEWNGMEL-189_25, NEWNGMEL-189_29, NEWNGMEL-189_26,NEWNGMEL-189_27, NEWNGMEL-189_28." finished-at="2014-10-04T08:00:23Z">
        </test-method>
        <test-method status="PASS" signature="tearDown()" name="tearDown" is-config="true" duration-ms="2507" started-at="2014-10-04T08:09:28Z" finished-at="2014-10-04T08:09:30Z">
        </test-method>
      </class>
    </test>
  </suite>
</testng-results>
