<testng-results>
  <reporter-output>
    <line>
      <![CDATA[Test Methods : NEWNGMEL-964_3,NEWNGMEL-964_2,NEWNGMEL-964_5]]>
    </line>
    <line>
      <![CDATA[<br> <font color=green>Home tab is loaded correctly</font>]]>
    </line>
    <line>
      <![CDATA[Home Page is loaded]]>
    </line>
    <line>
      <![CDATA[Current Tab selected isCOURSE]]>
    </line>
    <line>
      <![CDATA[Selected a Course Options value--Course_20141007124645]]>
    </line>
    <line>
      <![CDATA[Tree Structure till unitPronunciation practice]]>
    </line>
    <line>
      <![CDATA[Toc Tree structure at sub-unitSyllables]]>
    </line>
    <line>
      <![CDATA[Exercise 1is Assign again]]>
    </line>
    <line>
      <![CDATA[Selected All Students]]>
    </line>
    <line>
      <![CDATA[Selected a Date]]>
    </line>
    <line>
      <![CDATA[Clicked Assign button]]>
    </line>
    <line>
      <![CDATA[Test method: NEWNGMEL-2332_1,NEWNGMEL-2332_3,NEWNGMEL-2332_12]]>
    </line>
    <line>
      <![CDATA[<br> <font color=green>Home tab is loaded correctly</font>]]>
    </line>
    <line>
      <![CDATA[Home Page is loaded]]>
    </line>
    <line>
      <![CDATA[Current Tab selected isSETTINGS]]>
    </line>
    <line>
      <![CDATA[<br> PERSONAL PROFILE tab is loaded correctly]]>
    </line>
    <line>
      <![CDATA[Teacher is in Expert mode]]>
    </line>
    <line>
      <![CDATA[Current Tab selected isCOURSE]]>
    </line>
    <line>
      <![CDATA[Selected a Course Options]]>
    </line>
    <line>
      <![CDATA[Tree Structure till unit Grammar reference]]>
    </line>
    <line>
      <![CDATA[Toc Tree structure at sub-unit Grammar practice - Present continuous]]>
    </line>
    <line>
      <![CDATA[Previwed window is displayed and window id isCDwindow-086DD1D2-C8C4-485D-B7F9-F81A3562EDED]]>
    </line>
    <line>
      <![CDATA[Previwed fillin]]>
    </line>
    <line>
      <![CDATA[<br><b><font color='green'>Test Case NEWNGMEL-2332_1 Pass</b><br>]]>
    </line>
    <line>
      <![CDATA[<br><b><font color='green'>Test Case NEWNGMEL-:2332_4 Pass</b><br>]]>
    </line>
    <line>
      <![CDATA[Current Tab selected isCOURSE]]>
    </line>
    <line>
      <![CDATA[Tree Structure till unit Pronunciation practice]]>
    </line>
    <line>
      <![CDATA[Toc Tree structure at sub-unit Word stress in adjectives]]>
    </line>
    <line>
      <![CDATA[Previwed window is displayed and window id isCDwindow-324F3E4C-BA0E-4F8C-A527-08A62E56855D]]>
    </line>
    <line>
      <![CDATA[Previwed audiosubmit]]>
    </line>
    <line>
      <![CDATA[<br><b><font color='green'>Test Case NEWNGMEL-2332_2 Pass</b><br>]]>
    </line>
    <line>
      <![CDATA[<br><b><font color='green'>Test Case NEWNGMEL-:2332_12 Pass</b><br>]]>
    </line>
  </reporter-output>
  <suite name="NMEL-3 Regression Suite">
    <groups>
      <group name="regression">
        <method signature="com.pearson.piltg.ngmelII.RegressionNMELIII.Toc_teacher.previewAssignments()" name="previewAssignments" class="com.pearson.piltg.ngmelII.RegressionNMELIII.Toc_teacher"/>
      </group>
    </groups>
    <test name="Regression Tests 5">
      <class name="com.pearson.piltg.ngmelII.RegressionNMELIII.Toc_teacher">
        <test-method status="PASS" signature="previewAssignments()" name="previewAssignments" duration-ms="129628" started-at="2014-10-08T11:25:43Z" description="NEWNGMEL-2332_1,NEWNGMEL-2332_3,NEWNGMEL-2332_12" finished-at="2014-10-08T11:27:53Z">
        </test-method>
        <test-method status="PASS" signature="setUp()" name="setUp" is-config="true" duration-ms="7354" started-at="2014-10-08T11:25:36Z" finished-at="2014-10-08T11:25:43Z">
        </test-method>
        <test-method status="PASS" signature="tearDown()" name="tearDown" is-config="true" duration-ms="2718" started-at="2014-10-08T11:27:53Z" finished-at="2014-10-08T11:27:55Z">
        </test-method>
      </class>
      <class name="com.pearson.piltg.ngmelII.RegressionNMELIII.Toc_Student">
        <test-method status="PASS" signature="setUp()" name="setUp" is-config="true" duration-ms="8162" started-at="2014-10-08T11:20:01Z" finished-at="2014-10-08T11:20:09Z">
        </test-method>
        <test-method status="PASS" signature="tocTreeStructure1()" name="tocTreeStructure1" duration-ms="323812" started-at="2014-10-08T11:20:09Z" finished-at="2014-10-08T11:25:33Z">
        </test-method>
        <test-method status="PASS" signature="tearDown()" name="tearDown" is-config="true" duration-ms="2572" started-at="2014-10-08T11:25:33Z" finished-at="2014-10-08T11:25:36Z">
        </test-method>
      </class>
    </test>
  </suite>
</testng-results>
