<testng-results>
  <reporter-output>
    <line>
      <![CDATA[Current Tab selected isSETTINGS]]>
    </line>
    <line>
      <![CDATA[<br> PERSONAL PROFILE tab is loaded correctly]]>
    </line>
    <line>
      <![CDATA[<br> PERSONAL PROFILE tab is loaded correctly]]>
    </line>
    <line>
      <![CDATA[Teacher is in Program Administrator role]]>
    </line>
    <line>
      <![CDATA[<br><b><font color='green'>Test Case NML-4_5 Pass</b><br>]]>
    </line>
    <line>
      <![CDATA[<br><b><font color='green'>Test Case NML-235_1 Pass</b><br>]]>
    </line>
    <line>
      <![CDATA[The selected tab [TEACHERS GROUP] is not a valid tab. The valid tabs are [Course Management, Personal Profile]]]>
    </line>
    <line>
      <![CDATA[<br><b><font color='green'>Test Case NML-234_1 Pass</b><br>]]>
    </line>
    <line>
      <![CDATA[Current Tab selected isSETTINGS]]>
    </line>
    <line>
      <![CDATA[<br> PERSONAL PROFILE tab is loaded correctly]]>
    </line>
    <line>
      <![CDATA[<br> PERSONAL PROFILE tab is loaded correctly]]>
    </line>
    <line>
      <![CDATA[Teacher is now in teacher role]]>
    </line>
    <line>
      <![CDATA[<br><b><font color='green'>Test Case NML-4_2 Pass</b><br>]]>
    </line>
    <line>
      <![CDATA[The selected tab [MY GROUPS] is not a valid tab. The valid tabs are [Course Management, Personal Profile]]]>
    </line>
    <line>
      <![CDATA[<br><b><font color='green'>Test Case NML-4_6 Pass</b><br>]]>
    </line>
    <line>
      <![CDATA[<br> PERSONAL PROFILE tab is loaded correctly]]>
    </line>
    <line>
      <![CDATA[<br> PERSONAL PROFILE tab is loaded correctly]]>
    </line>
    <line>
      <![CDATA[Teacher is now in Program Administrator role]]>
    </line>
    <line>
      <![CDATA[The selected tab [TEACHERS GROUP] is not a valid tab. The valid tabs are [Course Management, Personal Profile]]]>
    </line>
    <line>
      <![CDATA[Current Tab selected isSETTINGS]]>
    </line>
    <line>
      <![CDATA[The selected tab [TEACHERS GROUP] is not a valid tab. The valid tabs are [Course Management, Personal Profile]]]>
    </line>
    <line>
      <![CDATA[<br><b><font color='green'>Test Case NML-234_3 Pass</b><br>]]>
    </line>
    <line>
      <![CDATA[<br><b><font color='green'>Test Case NML-235_2 Pass</b><br>]]>
    </line>
  </reporter-output>
  <suite name="NMEL-3 Regression Suite">
    <groups>
      <group name="regression">
        <method signature="com.pearson.piltg.ngmelII.RegressionNMELIII.ProgramAdmin.ProgramAdminTest()" name="ProgramAdminTest" class="com.pearson.piltg.ngmelII.RegressionNMELIII.ProgramAdmin"/>
      </group>
    </groups>
    <test name="Regression Tests 1">
      <class name="com.pearson.piltg.ngmelII.RegressionNMELIII.ProgramAdmin">
        <test-method status="PASS" signature="setUp()" name="setUp" is-config="true" duration-ms="8675" started-at="2014-10-12T13:59:09Z" finished-at="2014-10-12T13:59:18Z">
        </test-method>
        <test-method status="PASS" signature="tearDown()" name="tearDown" is-config="true" duration-ms="2442" started-at="2014-10-12T14:06:00Z" finished-at="2014-10-12T14:06:02Z">
        </test-method>
        <test-method status="PASS" signature="ProgramAdminTest()" name="ProgramAdminTest" duration-ms="402263" started-at="2014-10-12T13:59:18Z" description="NML-4_2,NML-4_5,NML-4_6,NML-234_1,NML-234_3,NML-235_1,NML-235_2,NML-235_3" finished-at="2014-10-12T14:06:00Z">
        </test-method>
      </class>
    </test>
  </suite>
</testng-results>
