<?xml version="1.0" encoding="UTF-8"?>
<testsuite name="Regression Tests 1" failures="0" tests="6" time="1632.369" errors="0">
  <properties/>
  <testcase name="selfStudy" time="126.606" classname="com.pearson.piltg.ngmelII.RegressionNMELIII.HomePage_Student_ToDoList"/>
  <testcase name="verifyBlankAndIncorrectForPractise" time="154.767" classname="com.pearson.piltg.ngmelII.RegressionNMELIII.HomePage_Student_ToDoList"/>
  <testcase name="verifyAndAttemptActivity" time="485.879" classname="com.pearson.piltg.ngmelII.RegressionNMELIII.HomePage_Student_ToDoList"/>
  <testcase name="verifyBlankAndIncorrectForAutograded" time="360.454" classname="com.pearson.piltg.ngmelII.RegressionNMELIII.HomePage_Student_ToDoList"/>
  <testcase name="teacherToDo" time="378.206" classname="com.pearson.piltg.ngmelII.RegressionNMELIII.HomePage_Teacher_ToDoList"/>
  <testcase name="ProgramAdminTest" time="89.679" classname="com.pearson.piltg.ngmelII.RegressionNMELIII.ProgramAdmin"/>
</testsuite>
