<testng-results>
  <reporter-output>
    <line>
      <![CDATA[<p>The Teacher created is:Teacher_20141002013224</p>]]>
    </line>
    <line>
      <![CDATA[Current Tab selected isSETTINGS]]>
    </line>
    <line>
      <![CDATA[<br> Course Management tab is loaded correctly]]>
    </line>
    <line>
      <![CDATA[<br> Course Management tab is loaded correctly]]>
    </line>
    <line>
      <![CDATA[<p><p>confirm button is displayed after clicking on Create Course button.</p>]]>
    </line>
    <line>
      <![CDATA[<br><b><font color='green'>Test Case NEWNGMEL_1063_1 Pass</b><br>]]>
    </line>
    <line>
      <![CDATA[<p>The Teacher is able to generate PDF for the course.</p> ]]>
    </line>
    <line>
      <![CDATA[Current Tab selected isSETTINGS]]>
    </line>
    <line>
      <![CDATA[<br> Course Management tab is loaded correctly]]>
    </line>
    <line>
      <![CDATA[<br> Course Management tab is loaded correctly]]>
    </line>
    <line>
      <![CDATA[<p><p>confirm button is displayed after clicking on Create Course button.</p>]]>
    </line>
    <line>
      <![CDATA[<br><b><font color='green'>Test Case NEWNGMEL_1063_1 Pass</b><br>]]>
    </line>
    <line>
      <![CDATA[<p>The Teacher is able to generate PDF for the course.</p> ]]>
    </line>
    <line>
      <![CDATA[Current Tab selected isCourse]]>
    </line>
    <line>
      <![CDATA[<br><b>The teacher is asked to select a course when the teacher has more than one course.</br></b>]]>
    </line>
    <line>
      <![CDATA[<br><b><font color='green'>Test Case NEWNGMEL-1369_3 Pass</b><br>]]>
    </line>
    <line>
      <![CDATA[<p>The Teacher created is:Teacher_20141002013600</p>]]>
    </line>
    <line>
      <![CDATA[Current Tab selected isSETTINGS]]>
    </line>
    <line>
      <![CDATA[<br> Course Management tab is loaded correctly]]>
    </line>
    <line>
      <![CDATA[<br> Course Management tab is loaded correctly]]>
    </line>
    <line>
      <![CDATA[<p><p>confirm button is displayed after clicking on Create Course button.</p>]]>
    </line>
    <line>
      <![CDATA[<br><b><font color='green'>Test Case NEWNGMEL_1063_1 Pass</b><br>]]>
    </line>
    <line>
      <![CDATA[<p>The Teacher is able to generate PDF for the course.</p> ]]>
    </line>
    <line>
      <![CDATA[Current Tab selected isSETTINGS]]>
    </line>
    <line>
      <![CDATA[<br> Course Management tab is loaded correctly]]>
    </line>
    <line>
      <![CDATA[<br> Course Management tab is loaded correctly]]>
    </line>
    <line>
      <![CDATA[<p><p>confirm button is displayed after clicking on Create Course button.</p>]]>
    </line>
    <line>
      <![CDATA[<br><b><font color='green'>Test Case NEWNGMEL_1063_1 Pass</b><br>]]>
    </line>
    <line>
      <![CDATA[<p>The Teacher is able to generate PDF for the course.</p> ]]>
    </line>
    <line>
      <![CDATA[Current Tab selected isCourse]]>
    </line>
    <line>
      <![CDATA[<br><b>The teacher is asked to select a course when the teacher has more than one course.</br></b>]]>
    </line>
    <line>
      <![CDATA[<br><b><font color='green'>Test Case NEWNGMEL-1369_3 Pass</b><br>]]>
    </line>
    <line>
      <![CDATA[Test cases: NEWNGMEL_763_1, NEWNGMEL_163_1, NEWNGMEL_187_3]]>
    </line>
    <line>
      <![CDATA[The student created is:Student_20141002013932]]>
    </line>
    <line>
      <![CDATA[Current Tab selected isCourse]]>
    </line>
    <line>
      <![CDATA[<b>The student is enrolled for the requested product.</b>]]>
    </line>
    <line>
      <![CDATA[<br><b><font color='green'>Test Case NEWNGMEL_763_1 Pass</b><br>]]>
    </line>
    <line>
      <![CDATA[Current Tab selected isSETTINGS]]>
    </line>
    <line>
      <![CDATA[The selected tab [My Courses] is not a valid tab. The valid tabs are [Course Management, Personal Profile]]]>
    </line>
    <line>
      <![CDATA[Student Joined a Course]]>
    </line>
    <line>
      <![CDATA[Current Tab selected isSETTINGS]]>
    </line>
    <line>
      <![CDATA[The selected tab [My Courses] is not a valid tab. The valid tabs are [Course Management, Personal Profile]]]>
    </line>
    <line>
      <![CDATA[Student Joined a Course]]>
    </line>
    <line>
      <![CDATA[Current Tab selected isSETTINGS]]>
    </line>
    <line>
      <![CDATA[The selected tab [My Courses] is not a valid tab. The valid tabs are [Course Management, Personal Profile]]]>
    </line>
    <line>
      <![CDATA[Student Joined a Course]]>
    </line>
    <line>
      <![CDATA[Current Tab selected isSETTINGS]]>
    </line>
    <line>
      <![CDATA[The selected tab [My Courses] is not a valid tab. The valid tabs are [Course Management, Personal Profile]]]>
    </line>
    <line>
      <![CDATA[Student Joined a Course]]>
    </line>
    <line>
      <![CDATA[Current Tab selected isSETTINGS]]>
    </line>
    <line>
      <![CDATA[The selected tab [My Courses] is not a valid tab. The valid tabs are [Course Management, Personal Profile]]]>
    </line>
    <line>
      <![CDATA[<br><b>Student is successfully enrolled to course using course id provided by teacher.</br></b>]]>
    </line>
    <line>
      <![CDATA[<br><b><font color='green'>Test Case NEWNGMEL_163_1 Pass</b><br>]]>
    </line>
    <line>
      <![CDATA[Current Tab selected isCourse]]>
    </line>
    <line>
      <![CDATA[<br><b>The student is not asked to select a course when the student has more than one course.</br></b>]]>
    </line>
    <line>
      <![CDATA[<br><b><font color='red'> Test Case NEWNGMEL_187_3 Fail</b><br>]]>
    </line>
    <line>
      <![CDATA[The student created is:Student_20141002014613]]>
    </line>
    <line>
      <![CDATA[Current Tab selected isCourse]]>
    </line>
    <line>
      <![CDATA[<b>The student is enrolled for the requested product.</b>]]>
    </line>
    <line>
      <![CDATA[<br><b><font color='green'>Test Case NEWNGMEL_763_1 Pass</b><br>]]>
    </line>
    <line>
      <![CDATA[Current Tab selected isSETTINGS]]>
    </line>
    <line>
      <![CDATA[The selected tab [My Courses] is not a valid tab. The valid tabs are [Course Management, Personal Profile]]]>
    </line>
    <line>
      <![CDATA[Student Joined a Course]]>
    </line>
    <line>
      <![CDATA[Current Tab selected isSETTINGS]]>
    </line>
    <line>
      <![CDATA[The selected tab [My Courses] is not a valid tab. The valid tabs are [Course Management, Personal Profile]]]>
    </line>
    <line>
      <![CDATA[Student Joined a Course]]>
    </line>
    <line>
      <![CDATA[Current Tab selected isSETTINGS]]>
    </line>
    <line>
      <![CDATA[The selected tab [My Courses] is not a valid tab. The valid tabs are [Course Management, Personal Profile]]]>
    </line>
    <line>
      <![CDATA[Student Joined a Course]]>
    </line>
    <line>
      <![CDATA[Current Tab selected isSETTINGS]]>
    </line>
    <line>
      <![CDATA[The selected tab [My Courses] is not a valid tab. The valid tabs are [Course Management, Personal Profile]]]>
    </line>
    <line>
      <![CDATA[Student Joined a Course]]>
    </line>
    <line>
      <![CDATA[Current Tab selected isSETTINGS]]>
    </line>
    <line>
      <![CDATA[The selected tab [My Courses] is not a valid tab. The valid tabs are [Course Management, Personal Profile]]]>
    </line>
    <line>
      <![CDATA[<br><b>Student is successfully enrolled to course using course id provided by teacher.</br></b>]]>
    </line>
    <line>
      <![CDATA[<br><b><font color='green'>Test Case NEWNGMEL_163_1 Pass</b><br>]]>
    </line>
    <line>
      <![CDATA[Current Tab selected isCourse]]>
    </line>
    <line>
      <![CDATA[<br><b>The student is not asked to select a course when the student has more than one course.</br></b>]]>
    </line>
    <line>
      <![CDATA[<br><b><font color='red'> Test Case NEWNGMEL_187_3 Fail</b><br>]]>
    </line>
    <line>
      <![CDATA[Settings module test case: NEWNGMEL-2744_3.]]>
    </line>
    <line>
      <![CDATA[Current Tab selected isHome]]>
    </line>
    <line>
      <![CDATA[<br><b>User is not able to select a tab without setting country value.</br></b>]]>
    </line>
    <line>
      <![CDATA[<br><b><font color='green'>Test Case NEWNGMEL-2744_3 Pass</b><br>]]>
    </line>
    <line>
      <![CDATA[The student created is:Student_20141002015433]]>
    </line>
    <line>
      <![CDATA[Self study student:]]>
    </line>
    <line>
      <![CDATA[Current Tab selected isCourse]]>
    </line>
    <line>
      <![CDATA[The student is not asked to select a course when the student has more than one course.]]>
    </line>
  </reporter-output>
  <suite name="NMEL-3 Regression Suite">
    <groups>
      <group name="register">
        <method signature="com.pearson.piltg.ngmelII.RegressionNMELIII.RumbaRegistration.registerCandidateStudent()" name="registerCandidateStudent" class="com.pearson.piltg.ngmelII.RegressionNMELIII.RumbaRegistration"/>
      </group>
      <group name="rumba">
        <method signature="com.pearson.piltg.ngmelII.RegressionNMELIII.RumbaRegistration.registerInstructor()" name="registerInstructor" class="com.pearson.piltg.ngmelII.RegressionNMELIII.RumbaRegistration"/>
      </group>
    </groups>
    <test name="Rumba Regression Test">
      <class name="com.pearson.piltg.ngmelII.RegressionNMELIII.RumbaRegistration">
        <test-method status="PASS" signature="settingsPersonalProfile()" name="settingsPersonalProfile" duration-ms="86154" started-at="2014-10-02T13:52:35Z" description="Settings module test case: NEWNGMEL-2744_3." depends-on-methods="com.pearson.piltg.ngmelII.RegressionNMELIII.RumbaRegistration.registerCandidateStudent" finished-at="2014-10-02T13:54:01Z">
        </test-method>
        <test-method status="PASS" signature="setUp()" name="setUp" is-config="true" duration-ms="10304" started-at="2014-10-02T13:54:04Z" finished-at="2014-10-02T13:54:14Z">
        </test-method>
        <test-method status="PASS" signature="tearDown()" name="tearDown" is-config="true" duration-ms="2453" started-at="2014-10-02T13:39:06Z" finished-at="2014-10-02T13:39:09Z">
        </test-method>
        <test-method status="PASS" signature="registerCandidateStudent()" name="registerCandidateStudent" duration-ms="790522" started-at="2014-10-02T13:39:15Z" description="NEWNGMEL_763_1, NEWNGMEL_163_1, NEWNGMEL_187_3" depends-on-methods="com.pearson.piltg.ngmelII.RegressionNMELIII.RumbaRegistration.registerInstructor" finished-at="2014-10-02T13:52:26Z">
        </test-method>
        <test-method status="PASS" signature="tearDown()" name="tearDown" is-config="true" duration-ms="2415" started-at="2014-10-02T13:54:01Z" finished-at="2014-10-02T13:54:04Z">
        </test-method>
        <test-method status="PASS" signature="tearDown()" name="tearDown" is-config="true" duration-ms="2473" started-at="2014-10-02T13:52:26Z" finished-at="2014-10-02T13:52:28Z">
        </test-method>
        <test-method status="PASS" signature="tearDown()" name="tearDown" is-config="true" duration-ms="2463" started-at="2014-10-02T13:56:37Z" finished-at="2014-10-02T13:56:40Z">
        </test-method>
        <test-method status="FAIL" signature="registerCandidateStudentSelfStudy()" name="registerCandidateStudentSelfStudy" duration-ms="143043" started-at="2014-10-02T13:54:14Z" depends-on-methods="com.pearson.piltg.ngmelII.RegressionNMELIII.RumbaRegistration.settingsPersonalProfile" finished-at="2014-10-02T13:56:37Z">
          <exception class="org.openqa.selenium.WebDriverException">
            <message>
              <![CDATA[unknown error: Element is not clickable at point (1083, 22). Other element would receive the click: <li class="flash-notice expiredCourses">...</li>
  (Session info: chrome=37.0.2062.124)
  (Driver info: chromedriver=2.8.241075,platform=Windows NT 6.3 x86_64) (WARNING: The server did not provide any stacktrace information)
Command duration or timeout: 30 milliseconds
Build info: version: '2.39.0', revision: '14fa800511cc5d66d426e08b0b2ab926c7ed7398', time: '2013-12-16 13:18:38'
System info: host: 'BRICAWL-9JDVVY1', ip: '10.105.226.68', os.name: 'Windows 8', os.arch: 'amd64', os.version: '6.2', java.version: '1.7.0_51'
Session ID: 6786bdf208fe56a8a0ad3968945e0a44
Driver info: org.openqa.selenium.chrome.ChromeDriver
Capabilities [{platform=WIN8, acceptSslCerts=true, javascriptEnabled=true, browserName=chrome, chrome={userDataDir=C:\Users\ubasaja\AppData\Local\Temp\scoped_dir2396_30810}, rotatable=false, locationContextEnabled=true, version=37.0.2062.124, takesHeapSnapshot=true, cssSelectorsEnabled=true, databaseEnabled=false, handlesAlerts=true, browserConnectionEnabled=false, nativeEvents=true, webStorageEnabled=true, applicationCacheEnabled=false, takesScreenshot=true}]]]>
            </message>
            <full-stacktrace>
              <![CDATA[org.openqa.selenium.WebDriverException: unknown error: Element is not clickable at point (1083, 22). Other element would receive the click: &lt;li class="flash-notice expiredCourses"&gt;...&lt;/li&gt;
  (Session info: chrome=37.0.2062.124)
  (Driver info: chromedriver=2.8.241075,platform=Windows NT 6.3 x86_64) (WARNING: The server did not provide any stacktrace information)
Command duration or timeout: 30 milliseconds
Build info: version: '2.39.0', revision: '14fa800511cc5d66d426e08b0b2ab926c7ed7398', time: '2013-12-16 13:18:38'
System info: host: 'BRICAWL-9JDVVY1', ip: '10.105.226.68', os.name: 'Windows 8', os.arch: 'amd64', os.version: '6.2', java.version: '1.7.0_51'
Session ID: 6786bdf208fe56a8a0ad3968945e0a44
Driver info: org.openqa.selenium.chrome.ChromeDriver
Capabilities [{platform=WIN8, acceptSslCerts=true, javascriptEnabled=true, browserName=chrome, chrome={userDataDir=C:\Users\ubasaja\AppData\Local\Temp\scoped_dir2396_30810}, rotatable=false, locationContextEnabled=true, version=37.0.2062.124, takesHeapSnapshot=true, cssSelectorsEnabled=true, databaseEnabled=false, handlesAlerts=true, browserConnectionEnabled=false, nativeEvents=true, webStorageEnabled=true, applicationCacheEnabled=false, takesScreenshot=true}]
	at sun.reflect.NativeConstructorAccessorImpl.newInstance0(Native Method)
	at sun.reflect.NativeConstructorAccessorImpl.newInstance(NativeConstructorAccessorImpl.java:57)
	at sun.reflect.DelegatingConstructorAccessorImpl.newInstance(DelegatingConstructorAccessorImpl.java:45)
	at java.lang.reflect.Constructor.newInstance(Constructor.java:526)
	at org.openqa.selenium.remote.ErrorHandler.createThrowable(ErrorHandler.java:193)
	at org.openqa.selenium.remote.ErrorHandler.throwIfResponseFailed(ErrorHandler.java:145)
	at org.openqa.selenium.remote.RemoteWebDriver.execute(RemoteWebDriver.java:554)
	at org.openqa.selenium.remote.RemoteWebElement.execute(RemoteWebElement.java:268)
	at org.openqa.selenium.remote.RemoteWebElement.click(RemoteWebElement.java:79)
	at com.pearson.piltg.ngmelII.util.UtilityCommon.clickAndWait(UtilityCommon.java:432)
	at com.pearson.piltg.ngmelII.common.Common.logoutFromTheApplication(Common.java:202)
	at com.pearson.piltg.ngmelII.RegressionNMELIII.RumbaRegistration.registerCandidateStudentSelfStudy(RumbaRegistration.java:335)
	at sun.reflect.NativeMethodAccessorImpl.invoke0(Native Method)
	at sun.reflect.NativeMethodAccessorImpl.invoke(NativeMethodAccessorImpl.java:57)
	at sun.reflect.DelegatingMethodAccessorImpl.invoke(DelegatingMethodAccessorImpl.java:43)
	at java.lang.reflect.Method.invoke(Method.java:606)
	at org.testng.internal.MethodHelper.invokeMethod(MethodHelper.java:580)
	at org.testng.internal.Invoker.invokeMethod(Invoker.java:478)
	at org.testng.internal.Invoker.invokeTestMethod(Invoker.java:607)
	at org.testng.internal.Invoker.invokeTestMethods(Invoker.java:874)
	at org.testng.internal.TestMethodWorker.invokeTestMethods(TestMethodWorker.java:125)
	at org.testng.internal.TestMethodWorker.run(TestMethodWorker.java:109)
	at org.testng.TestRunner.runWorkers(TestRunner.java:689)
	at org.testng.TestRunner.privateRun(TestRunner.java:566)
	at org.testng.TestRunner.run(TestRunner.java:466)
	at org.testng.SuiteRunner.runTest(SuiteRunner.java:301)
	at org.testng.SuiteRunner.runSequentially(SuiteRunner.java:296)
	at org.testng.SuiteRunner.privateRun(SuiteRunner.java:276)
	at org.testng.SuiteRunner.run(SuiteRunner.java:191)
	at org.testng.TestNG.createAndRunSuiteRunners(TestNG.java:808)
	at org.testng.TestNG.runSuitesLocally(TestNG.java:776)
	at org.testng.TestNG.run(TestNG.java:701)
	at org.apache.maven.surefire.testng.TestNGExecutor.run(TestNGExecutor.java:74)
	at org.apache.maven.surefire.testng.TestNGXmlTestSuite.execute(TestNGXmlTestSuite.java:92)
	at org.apache.maven.surefire.Surefire.run(Surefire.java:180)
	at sun.reflect.NativeMethodAccessorImpl.invoke0(Native Method)
	at sun.reflect.NativeMethodAccessorImpl.invoke(NativeMethodAccessorImpl.java:57)
	at sun.reflect.DelegatingMethodAccessorImpl.invoke(DelegatingMethodAccessorImpl.java:43)
	at java.lang.reflect.Method.invoke(Method.java:606)
	at org.apache.maven.surefire.booter.SurefireBooter.runSuitesInProcess(SurefireBooter.java:350)
	at org.apache.maven.surefire.booter.SurefireBooter.main(SurefireBooter.java:1021)
]]>
            </full-stacktrace>
          </exception>
        </test-method>
        <test-method status="PASS" signature="setUp()" name="setUp" is-config="true" duration-ms="7704" started-at="2014-10-02T13:31:59Z" finished-at="2014-10-02T13:32:07Z">
        </test-method>
        <test-method status="PASS" signature="setUp()" name="setUp" is-config="true" duration-ms="6576" started-at="2014-10-02T13:39:09Z" finished-at="2014-10-02T13:39:15Z">
        </test-method>
        <test-method status="PASS" signature="registerInstructor()" name="registerInstructor" duration-ms="419781" started-at="2014-10-02T13:32:07Z" description="NEWNGMEL_1063_1, NEWNGMEL-1369_3" finished-at="2014-10-02T13:39:06Z">
        </test-method>
        <test-method status="PASS" signature="setUp()" name="setUp" is-config="true" duration-ms="6800" started-at="2014-10-02T13:52:28Z" finished-at="2014-10-02T13:52:35Z">
        </test-method>
      </class>
    </test>
  </suite>
</testng-results>
